[0.086s] DEBUG:colcon:Command line arguments: ['/usr/bin/colcon', 'build']
[0.086s] DEBUG:colcon:Parsed command line arguments: Namespace(allow_overriding=[], ament_cmake_args=None, base_paths=['.'], build_base='build', catkin_cmake_args=None, catkin_skip_building_tests=False, cmake_args=None, cmake_clean_cache=False, cmake_clean_first=False, cmake_force_configure=False, cmake_target=None, cmake_target_skip_unavailable=False, continue_on_error=False, event_handlers=None, executor='parallel', ignore_user_meta=False, install_base='install', log_base=None, log_level=None, main=<bound method BuildVerb.main of <colcon_core.verb.build.BuildVerb object at 0x7f0cf6531430>>, merge_install=False, metas=['./colcon.meta'], packages_above=None, packages_above_and_dependencies=None, packages_above_depth=None, packages_end=None, packages_ignore=None, packages_ignore_regex=None, packages_select=None, packages_select_build_failed=False, packages_select_by_dep=None, packages_select_regex=None, packages_select_test_failures=False, packages_skip=None, packages_skip_build_finished=False, packages_skip_by_dep=None, packages_skip_regex=None, packages_skip_test_passed=False, packages_skip_up_to=None, packages_start=None, packages_up_to=None, packages_up_to_regex=None, parallel_workers=20, paths=None, symlink_install=False, test_result_base=None, verb_extension=<colcon_core.verb.build.BuildVerb object at 0x7f0cf6531430>, verb_name='build', verb_parser=<colcon_defaults.argument_parser.defaults.DefaultArgumentsDecorator object at 0x7f0cf6531970>)
[0.102s] Level 1:colcon.colcon_core.package_discovery:discover_packages(colcon_meta) check parameters
[0.102s] Level 1:colcon.colcon_core.package_discovery:discover_packages(recursive) check parameters
[0.102s] Level 1:colcon.colcon_core.package_discovery:discover_packages(ignore) check parameters
[0.102s] Level 1:colcon.colcon_core.package_discovery:discover_packages(path) check parameters
[0.102s] Level 1:colcon.colcon_core.package_discovery:discover_packages(colcon_meta) discover
[0.102s] Level 1:colcon.colcon_core.package_discovery:discover_packages(recursive) discover
[0.103s] INFO:colcon.colcon_core.package_discovery:Crawling recursively for packages in '/home/tjddus/min/minicar_controller/vesc_controller'
[0.103s] Level 1:colcon.colcon_core.package_identification:_identify(.) by extensions ['ignore', 'ignore_ament_install']
[0.103s] Level 1:colcon.colcon_core.package_identification:_identify(.) by extension 'ignore'
[0.103s] Level 1:colcon.colcon_core.package_identification:_identify(.) by extension 'ignore_ament_install'
[0.103s] Level 1:colcon.colcon_core.package_identification:_identify(.) by extensions ['colcon_pkg']
[0.103s] Level 1:colcon.colcon_core.package_identification:_identify(.) by extension 'colcon_pkg'
[0.103s] Level 1:colcon.colcon_core.package_identification:_identify(.) by extensions ['colcon_meta']
[0.103s] Level 1:colcon.colcon_core.package_identification:_identify(.) by extension 'colcon_meta'
[0.103s] Level 1:colcon.colcon_core.package_identification:_identify(.) by extensions ['ros']
[0.103s] Level 1:colcon.colcon_core.package_identification:_identify(.) by extension 'ros'
[0.111s] DEBUG:colcon.colcon_core.package_identification:Package '.' with type 'ros.ament_cmake' and name 'vesc_controller'
[0.111s] Level 1:colcon.colcon_core.package_discovery:discover_packages(recursive) using defaults
[0.111s] Level 1:colcon.colcon_core.package_discovery:discover_packages(ignore) discover
[0.111s] Level 1:colcon.colcon_core.package_discovery:discover_packages(ignore) using defaults
[0.111s] Level 1:colcon.colcon_core.package_discovery:discover_packages(path) discover
[0.111s] Level 1:colcon.colcon_core.package_discovery:discover_packages(path) using defaults
[0.129s] Level 1:colcon.colcon_core.package_discovery:discover_packages(prefix_path) check parameters
[0.130s] Level 1:colcon.colcon_core.package_discovery:discover_packages(prefix_path) discover
[0.131s] DEBUG:colcon.colcon_installed_package_information.package_discovery:Found 1 installed packages in /home/tjddus/min/minicar_controller/vesc_controller/install
[0.132s] DEBUG:colcon.colcon_installed_package_information.package_discovery:Found 272 installed packages in /opt/ros/foxy
[0.133s] Level 1:colcon.colcon_core.package_discovery:discover_packages(prefix_path) using defaults
[0.168s] Level 5:colcon.colcon_core.verb:set package 'vesc_controller' build argument 'cmake_args' from command line to 'None'
[0.168s] Level 5:colcon.colcon_core.verb:set package 'vesc_controller' build argument 'cmake_target' from command line to 'None'
[0.168s] Level 5:colcon.colcon_core.verb:set package 'vesc_controller' build argument 'cmake_target_skip_unavailable' from command line to 'False'
[0.168s] Level 5:colcon.colcon_core.verb:set package 'vesc_controller' build argument 'cmake_clean_cache' from command line to 'False'
[0.168s] Level 5:colcon.colcon_core.verb:set package 'vesc_controller' build argument 'cmake_clean_first' from command line to 'False'
[0.168s] Level 5:colcon.colcon_core.verb:set package 'vesc_controller' build argument 'cmake_force_configure' from command line to 'False'
[0.168s] Level 5:colcon.colcon_core.verb:set package 'vesc_controller' build argument 'ament_cmake_args' from command line to 'None'
[0.168s] Level 5:colcon.colcon_core.verb:set package 'vesc_controller' build argument 'catkin_cmake_args' from command line to 'None'
[0.168s] Level 5:colcon.colcon_core.verb:set package 'vesc_controller' build argument 'catkin_skip_building_tests' from command line to 'False'
[0.168s] DEBUG:colcon.colcon_core.verb:Building package 'vesc_controller' with the following arguments: {'ament_cmake_args': None, 'build_base': '/home/tjddus/min/minicar_controller/vesc_controller/build/vesc_controller', 'catkin_cmake_args': None, 'catkin_skip_building_tests': False, 'cmake_args': None, 'cmake_clean_cache': False, 'cmake_clean_first': False, 'cmake_force_configure': False, 'cmake_target': None, 'cmake_target_skip_unavailable': False, 'install_base': '/home/tjddus/min/minicar_controller/vesc_controller/install/vesc_controller', 'merge_install': False, 'path': '/home/tjddus/min/minicar_controller/vesc_controller', 'symlink_install': False, 'test_result_base': None}
[0.169s] INFO:colcon.colcon_core.executor:Executing jobs using 'parallel' executor
[0.172s] DEBUG:colcon.colcon_parallel_executor.executor.parallel:run_until_complete
[0.172s] INFO:colcon.colcon_ros.task.ament_cmake.build:Building ROS package in '/home/tjddus/min/minicar_controller/vesc_controller' with build type 'ament_cmake'
[0.172s] INFO:colcon.colcon_cmake.task.cmake.build:Building CMake package in '/home/tjddus/min/minicar_controller/vesc_controller'
[0.175s] INFO:colcon.colcon_core.plugin_system:Skipping extension 'colcon_core.shell.bat': Not used on non-Windows systems
[0.175s] INFO:colcon.colcon_core.shell:Skip shell extension 'powershell' for command environment: Not usable outside of PowerShell
[0.175s] DEBUG:colcon.colcon_core.shell:Skip shell extension 'dsv' for command environment
[0.184s] DEBUG:colcon.colcon_core.event_handler.log_command:Invoking command in '/home/tjddus/min/minicar_controller/vesc_controller/build/vesc_controller': CMAKE_PREFIX_PATH=${CMAKE_PREFIX_PATH}:/opt/ros/foxy /usr/bin/cmake --build /home/tjddus/min/minicar_controller/vesc_controller/build/vesc_controller -- -j20 -l20
[2.109s] DEBUG:colcon.colcon_core.event_handler.log_command:Invoked command in '/home/tjddus/min/minicar_controller/vesc_controller/build/vesc_controller' returned '0': CMAKE_PREFIX_PATH=${CMAKE_PREFIX_PATH}:/opt/ros/foxy /usr/bin/cmake --build /home/tjddus/min/minicar_controller/vesc_controller/build/vesc_controller -- -j20 -l20
[2.133s] DEBUG:colcon.colcon_core.event_handler.log_command:Invoking command in '/home/tjddus/min/minicar_controller/vesc_controller/build/vesc_controller': CMAKE_PREFIX_PATH=${CMAKE_PREFIX_PATH}:/opt/ros/foxy /usr/bin/cmake --install /home/tjddus/min/minicar_controller/vesc_controller/build/vesc_controller
[2.148s] Level 1:colcon.colcon_core.environment:create_environment_scripts_only(vesc_controller)
[2.149s] DEBUG:colcon.colcon_core.event_handler.log_command:Invoked command in '/home/tjddus/min/minicar_controller/vesc_controller/build/vesc_controller' returned '0': CMAKE_PREFIX_PATH=${CMAKE_PREFIX_PATH}:/opt/ros/foxy /usr/bin/cmake --install /home/tjddus/min/minicar_controller/vesc_controller/build/vesc_controller
[2.156s] Level 1:colcon.colcon_core.environment:checking '/home/tjddus/min/minicar_controller/vesc_controller/install/vesc_controller' for CMake module files
[2.157s] Level 1:colcon.colcon_core.environment:checking '/home/tjddus/min/minicar_controller/vesc_controller/install/vesc_controller' for CMake config files
[2.158s] Level 1:colcon.colcon_core.shell:create_environment_hook('vesc_controller', 'cmake_prefix_path')
[2.160s] INFO:colcon.colcon_core.shell:Creating environment hook '/home/tjddus/min/minicar_controller/vesc_controller/install/vesc_controller/share/vesc_controller/hook/cmake_prefix_path.ps1'
[2.161s] INFO:colcon.colcon_core.shell:Creating environment descriptor '/home/tjddus/min/minicar_controller/vesc_controller/install/vesc_controller/share/vesc_controller/hook/cmake_prefix_path.dsv'
[2.161s] INFO:colcon.colcon_core.shell:Creating environment hook '/home/tjddus/min/minicar_controller/vesc_controller/install/vesc_controller/share/vesc_controller/hook/cmake_prefix_path.sh'
[2.162s] Level 1:colcon.colcon_core.environment:checking '/home/tjddus/min/minicar_controller/vesc_controller/install/vesc_controller/lib'
[2.162s] Level 1:colcon.colcon_core.environment:checking '/home/tjddus/min/minicar_controller/vesc_controller/install/vesc_controller/bin'
[2.162s] Level 1:colcon.colcon_core.environment:checking '/home/tjddus/min/minicar_controller/vesc_controller/install/vesc_controller/lib/pkgconfig/vesc_controller.pc'
[2.163s] Level 1:colcon.colcon_core.environment:checking '/home/tjddus/min/minicar_controller/vesc_controller/install/vesc_controller/lib/python3.8/site-packages'
[2.163s] Level 1:colcon.colcon_core.environment:checking '/home/tjddus/min/minicar_controller/vesc_controller/install/vesc_controller/bin'
[2.164s] INFO:colcon.colcon_core.shell:Creating package script '/home/tjddus/min/minicar_controller/vesc_controller/install/vesc_controller/share/vesc_controller/package.ps1'
[2.165s] INFO:colcon.colcon_core.shell:Creating package descriptor '/home/tjddus/min/minicar_controller/vesc_controller/install/vesc_controller/share/vesc_controller/package.dsv'
[2.165s] INFO:colcon.colcon_core.shell:Creating package script '/home/tjddus/min/minicar_controller/vesc_controller/install/vesc_controller/share/vesc_controller/package.sh'
[2.165s] INFO:colcon.colcon_core.shell:Creating package script '/home/tjddus/min/minicar_controller/vesc_controller/install/vesc_controller/share/vesc_controller/package.bash'
[2.166s] INFO:colcon.colcon_core.shell:Creating package script '/home/tjddus/min/minicar_controller/vesc_controller/install/vesc_controller/share/vesc_controller/package.zsh'
[2.166s] Level 1:colcon.colcon_core.environment:create_file_with_runtime_dependencies(/home/tjddus/min/minicar_controller/vesc_controller/install/vesc_controller/share/colcon-core/packages/vesc_controller)
[2.196s] Level 1:colcon.colcon_core.environment:create_environment_scripts_only(vesc_controller)
[2.201s] Level 1:colcon.colcon_core.environment:checking '/home/tjddus/min/minicar_controller/vesc_controller/install/vesc_controller' for CMake module files
[2.202s] Level 1:colcon.colcon_core.environment:checking '/home/tjddus/min/minicar_controller/vesc_controller/install/vesc_controller' for CMake config files
[2.202s] Level 1:colcon.colcon_core.shell:create_environment_hook('vesc_controller', 'cmake_prefix_path')
[2.204s] INFO:colcon.colcon_core.shell:Creating environment hook '/home/tjddus/min/minicar_controller/vesc_controller/install/vesc_controller/share/vesc_controller/hook/cmake_prefix_path.ps1'
[2.205s] INFO:colcon.colcon_core.shell:Creating environment descriptor '/home/tjddus/min/minicar_controller/vesc_controller/install/vesc_controller/share/vesc_controller/hook/cmake_prefix_path.dsv'
[2.206s] INFO:colcon.colcon_core.shell:Creating environment hook '/home/tjddus/min/minicar_controller/vesc_controller/install/vesc_controller/share/vesc_controller/hook/cmake_prefix_path.sh'
[2.206s] Level 1:colcon.colcon_core.environment:checking '/home/tjddus/min/minicar_controller/vesc_controller/install/vesc_controller/lib'
[2.206s] Level 1:colcon.colcon_core.environment:checking '/home/tjddus/min/minicar_controller/vesc_controller/install/vesc_controller/bin'
[2.206s] Level 1:colcon.colcon_core.environment:checking '/home/tjddus/min/minicar_controller/vesc_controller/install/vesc_controller/lib/pkgconfig/vesc_controller.pc'
[2.207s] Level 1:colcon.colcon_core.environment:checking '/home/tjddus/min/minicar_controller/vesc_controller/install/vesc_controller/lib/python3.8/site-packages'
[2.207s] Level 1:colcon.colcon_core.environment:checking '/home/tjddus/min/minicar_controller/vesc_controller/install/vesc_controller/bin'
[2.208s] INFO:colcon.colcon_core.shell:Creating package script '/home/tjddus/min/minicar_controller/vesc_controller/install/vesc_controller/share/vesc_controller/package.ps1'
[2.209s] INFO:colcon.colcon_core.shell:Creating package descriptor '/home/tjddus/min/minicar_controller/vesc_controller/install/vesc_controller/share/vesc_controller/package.dsv'
[2.209s] INFO:colcon.colcon_core.shell:Creating package script '/home/tjddus/min/minicar_controller/vesc_controller/install/vesc_controller/share/vesc_controller/package.sh'
[2.209s] INFO:colcon.colcon_core.shell:Creating package script '/home/tjddus/min/minicar_controller/vesc_controller/install/vesc_controller/share/vesc_controller/package.bash'
[2.210s] INFO:colcon.colcon_core.shell:Creating package script '/home/tjddus/min/minicar_controller/vesc_controller/install/vesc_controller/share/vesc_controller/package.zsh'
[2.210s] Level 1:colcon.colcon_core.environment:create_file_with_runtime_dependencies(/home/tjddus/min/minicar_controller/vesc_controller/install/vesc_controller/share/colcon-core/packages/vesc_controller)
[2.210s] DEBUG:colcon.colcon_parallel_executor.executor.parallel:closing loop
[2.210s] DEBUG:colcon.colcon_parallel_executor.executor.parallel:loop closed
[2.211s] DEBUG:colcon.colcon_parallel_executor.executor.parallel:run_until_complete finished with '0'
[2.211s] DEBUG:colcon.colcon_core.event_reactor:joining thread
[2.215s] INFO:colcon.colcon_core.plugin_system:Skipping extension 'colcon_notification.desktop_notification.terminal_notifier': Not used on non-Darwin systems
[2.215s] INFO:colcon.colcon_core.plugin_system:Skipping extension 'colcon_notification.desktop_notification.win32': Not used on non-Windows systems
[2.215s] INFO:colcon.colcon_notification.desktop_notification:Sending desktop notification using 'notify2'
[2.229s] DEBUG:colcon.colcon_core.event_reactor:joined thread
[2.230s] INFO:colcon.colcon_core.shell:Creating prefix script '/home/tjddus/min/minicar_controller/vesc_controller/install/local_setup.ps1'
[2.231s] INFO:colcon.colcon_core.shell:Creating prefix util module '/home/tjddus/min/minicar_controller/vesc_controller/install/_local_setup_util_ps1.py'
[2.232s] INFO:colcon.colcon_core.shell:Creating prefix chain script '/home/tjddus/min/minicar_controller/vesc_controller/install/setup.ps1'
[2.233s] INFO:colcon.colcon_core.shell:Creating prefix script '/home/tjddus/min/minicar_controller/vesc_controller/install/local_setup.sh'
[2.234s] INFO:colcon.colcon_core.shell:Creating prefix util module '/home/tjddus/min/minicar_controller/vesc_controller/install/_local_setup_util_sh.py'
[2.234s] INFO:colcon.colcon_core.shell:Creating prefix chain script '/home/tjddus/min/minicar_controller/vesc_controller/install/setup.sh'
[2.236s] INFO:colcon.colcon_core.shell:Creating prefix script '/home/tjddus/min/minicar_controller/vesc_controller/install/local_setup.bash'
[2.236s] INFO:colcon.colcon_core.shell:Creating prefix chain script '/home/tjddus/min/minicar_controller/vesc_controller/install/setup.bash'
[2.238s] INFO:colcon.colcon_core.shell:Creating prefix script '/home/tjddus/min/minicar_controller/vesc_controller/install/local_setup.zsh'
[2.238s] INFO:colcon.colcon_core.shell:Creating prefix chain script '/home/tjddus/min/minicar_controller/vesc_controller/install/setup.zsh'
