[0.333s] DEBUG:colcon:Command line arguments: ['/usr/bin/colcon', 'build']
[0.334s] DEBUG:colcon:Parsed command line arguments: Namespace(allow_overriding=[], ament_cmake_args=None, base_paths=['.'], build_base='build', catkin_cmake_args=None, catkin_skip_building_tests=False, cmake_args=None, cmake_clean_cache=False, cmake_clean_first=False, cmake_force_configure=False, cmake_target=None, cmake_target_skip_unavailable=False, continue_on_error=False, event_handlers=None, executor='parallel', ignore_user_meta=False, install_base='install', log_base=None, log_level=None, main=<bound method BuildVerb.main of <colcon_core.verb.build.BuildVerb object at 0x7f9a7cc88430>>, merge_install=False, metas=['./colcon.meta'], packages_above=None, packages_above_and_dependencies=None, packages_above_depth=None, packages_end=None, packages_ignore=None, packages_ignore_regex=None, packages_select=None, packages_select_build_failed=False, packages_select_by_dep=None, packages_select_regex=None, packages_select_test_failures=False, packages_skip=None, packages_skip_build_finished=False, packages_skip_by_dep=None, packages_skip_regex=None, packages_skip_test_passed=False, packages_skip_up_to=None, packages_start=None, packages_up_to=None, packages_up_to_regex=None, parallel_workers=20, paths=None, symlink_install=False, test_result_base=None, verb_extension=<colcon_core.verb.build.BuildVerb object at 0x7f9a7cc88430>, verb_name='build', verb_parser=<colcon_defaults.argument_parser.defaults.DefaultArgumentsDecorator object at 0x7f9a7cc88970>)
[0.391s] Level 1:colcon.colcon_core.package_discovery:discover_packages(colcon_meta) check parameters
[0.391s] Level 1:colcon.colcon_core.package_discovery:discover_packages(recursive) check parameters
[0.391s] Level 1:colcon.colcon_core.package_discovery:discover_packages(ignore) check parameters
[0.391s] Level 1:colcon.colcon_core.package_discovery:discover_packages(path) check parameters
[0.392s] Level 1:colcon.colcon_core.package_discovery:discover_packages(colcon_meta) discover
[0.392s] Level 1:colcon.colcon_core.package_discovery:discover_packages(recursive) discover
[0.392s] INFO:colcon.colcon_core.package_discovery:Crawling recursively for packages in '/home/tjddus/min/minicar_controller/kbd_reader'
[0.392s] Level 1:colcon.colcon_core.package_identification:_identify(.) by extensions ['ignore', 'ignore_ament_install']
[0.392s] Level 1:colcon.colcon_core.package_identification:_identify(.) by extension 'ignore'
[0.392s] Level 1:colcon.colcon_core.package_identification:_identify(.) by extension 'ignore_ament_install'
[0.393s] Level 1:colcon.colcon_core.package_identification:_identify(.) by extensions ['colcon_pkg']
[0.393s] Level 1:colcon.colcon_core.package_identification:_identify(.) by extension 'colcon_pkg'
[0.393s] Level 1:colcon.colcon_core.package_identification:_identify(.) by extensions ['colcon_meta']
[0.393s] Level 1:colcon.colcon_core.package_identification:_identify(.) by extension 'colcon_meta'
[0.393s] Level 1:colcon.colcon_core.package_identification:_identify(.) by extensions ['ros']
[0.393s] Level 1:colcon.colcon_core.package_identification:_identify(.) by extension 'ros'
[0.422s] DEBUG:colcon.colcon_core.package_identification:Package '.' with type 'ros.ament_cmake' and name 'kbd_reader'
[0.423s] Level 1:colcon.colcon_core.package_discovery:discover_packages(recursive) using defaults
[0.423s] Level 1:colcon.colcon_core.package_discovery:discover_packages(ignore) discover
[0.423s] Level 1:colcon.colcon_core.package_discovery:discover_packages(ignore) using defaults
[0.423s] Level 1:colcon.colcon_core.package_discovery:discover_packages(path) discover
[0.423s] Level 1:colcon.colcon_core.package_discovery:discover_packages(path) using defaults
[0.495s] Level 1:colcon.colcon_core.package_discovery:discover_packages(prefix_path) check parameters
[0.495s] Level 1:colcon.colcon_core.package_discovery:discover_packages(prefix_path) discover
[0.501s] DEBUG:colcon.colcon_installed_package_information.package_discovery:Found 1 installed packages in /home/tjddus/min/minicar_controller/kbd_reader/install
[0.503s] DEBUG:colcon.colcon_installed_package_information.package_discovery:Found 1 installed packages in /home/tjddus/min/minicar_controller/vesc_controller/install
[0.506s] DEBUG:colcon.colcon_installed_package_information.package_discovery:Found 272 installed packages in /opt/ros/foxy
[0.510s] Level 1:colcon.colcon_core.package_discovery:discover_packages(prefix_path) using defaults
[0.640s] Level 5:colcon.colcon_core.verb:set package 'kbd_reader' build argument 'cmake_args' from command line to 'None'
[0.640s] Level 5:colcon.colcon_core.verb:set package 'kbd_reader' build argument 'cmake_target' from command line to 'None'
[0.640s] Level 5:colcon.colcon_core.verb:set package 'kbd_reader' build argument 'cmake_target_skip_unavailable' from command line to 'False'
[0.640s] Level 5:colcon.colcon_core.verb:set package 'kbd_reader' build argument 'cmake_clean_cache' from command line to 'False'
[0.640s] Level 5:colcon.colcon_core.verb:set package 'kbd_reader' build argument 'cmake_clean_first' from command line to 'False'
[0.640s] Level 5:colcon.colcon_core.verb:set package 'kbd_reader' build argument 'cmake_force_configure' from command line to 'False'
[0.640s] Level 5:colcon.colcon_core.verb:set package 'kbd_reader' build argument 'ament_cmake_args' from command line to 'None'
[0.641s] Level 5:colcon.colcon_core.verb:set package 'kbd_reader' build argument 'catkin_cmake_args' from command line to 'None'
[0.641s] Level 5:colcon.colcon_core.verb:set package 'kbd_reader' build argument 'catkin_skip_building_tests' from command line to 'False'
[0.641s] DEBUG:colcon.colcon_core.verb:Building package 'kbd_reader' with the following arguments: {'ament_cmake_args': None, 'build_base': '/home/tjddus/min/minicar_controller/kbd_reader/build/kbd_reader', 'catkin_cmake_args': None, 'catkin_skip_building_tests': False, 'cmake_args': None, 'cmake_clean_cache': False, 'cmake_clean_first': False, 'cmake_force_configure': False, 'cmake_target': None, 'cmake_target_skip_unavailable': False, 'install_base': '/home/tjddus/min/minicar_controller/kbd_reader/install/kbd_reader', 'merge_install': False, 'path': '/home/tjddus/min/minicar_controller/kbd_reader', 'symlink_install': False, 'test_result_base': None}
[0.642s] INFO:colcon.colcon_core.executor:Executing jobs using 'parallel' executor
[0.655s] DEBUG:colcon.colcon_parallel_executor.executor.parallel:run_until_complete
[0.655s] INFO:colcon.colcon_ros.task.ament_cmake.build:Building ROS package in '/home/tjddus/min/minicar_controller/kbd_reader' with build type 'ament_cmake'
[0.656s] INFO:colcon.colcon_cmake.task.cmake.build:Building CMake package in '/home/tjddus/min/minicar_controller/kbd_reader'
[0.666s] INFO:colcon.colcon_core.plugin_system:Skipping extension 'colcon_core.shell.bat': Not used on non-Windows systems
[0.666s] INFO:colcon.colcon_core.shell:Skip shell extension 'powershell' for command environment: Not usable outside of PowerShell
[0.667s] DEBUG:colcon.colcon_core.shell:Skip shell extension 'dsv' for command environment
[0.697s] DEBUG:colcon.colcon_core.event_handler.log_command:Invoking command in '/home/tjddus/min/minicar_controller/kbd_reader/build/kbd_reader': CMAKE_PREFIX_PATH=${CMAKE_PREFIX_PATH}:/opt/ros/foxy /usr/bin/cmake --build /home/tjddus/min/minicar_controller/kbd_reader/build/kbd_reader -- -j20 -l20
[8.874s] DEBUG:colcon.colcon_core.event_handler.log_command:Invoked command in '/home/tjddus/min/minicar_controller/kbd_reader/build/kbd_reader' returned '2': CMAKE_PREFIX_PATH=${CMAKE_PREFIX_PATH}:/opt/ros/foxy /usr/bin/cmake --build /home/tjddus/min/minicar_controller/kbd_reader/build/kbd_reader -- -j20 -l20
[8.928s] Level 1:colcon.colcon_core.environment:create_environment_scripts_only(kbd_reader)
[8.938s] Level 1:colcon.colcon_core.environment:checking '/home/tjddus/min/minicar_controller/kbd_reader/install/kbd_reader' for CMake module files
[8.939s] Level 1:colcon.colcon_core.environment:checking '/home/tjddus/min/minicar_controller/kbd_reader/install/kbd_reader' for CMake config files
[8.940s] Level 1:colcon.colcon_core.shell:create_environment_hook('kbd_reader', 'cmake_prefix_path')
[8.942s] INFO:colcon.colcon_core.shell:Creating environment hook '/home/tjddus/min/minicar_controller/kbd_reader/install/kbd_reader/share/kbd_reader/hook/cmake_prefix_path.ps1'
[8.944s] INFO:colcon.colcon_core.shell:Creating environment descriptor '/home/tjddus/min/minicar_controller/kbd_reader/install/kbd_reader/share/kbd_reader/hook/cmake_prefix_path.dsv'
[8.945s] INFO:colcon.colcon_core.shell:Creating environment hook '/home/tjddus/min/minicar_controller/kbd_reader/install/kbd_reader/share/kbd_reader/hook/cmake_prefix_path.sh'
[8.948s] Level 1:colcon.colcon_core.environment:checking '/home/tjddus/min/minicar_controller/kbd_reader/install/kbd_reader/lib'
[8.948s] Level 1:colcon.colcon_core.environment:checking '/home/tjddus/min/minicar_controller/kbd_reader/install/kbd_reader/bin'
[8.948s] Level 1:colcon.colcon_core.environment:checking '/home/tjddus/min/minicar_controller/kbd_reader/install/kbd_reader/lib/pkgconfig/kbd_reader.pc'
[8.949s] Level 1:colcon.colcon_core.environment:checking '/home/tjddus/min/minicar_controller/kbd_reader/install/kbd_reader/lib/python3.8/site-packages'
[8.949s] Level 1:colcon.colcon_core.environment:checking '/home/tjddus/min/minicar_controller/kbd_reader/install/kbd_reader/bin'
[8.952s] INFO:colcon.colcon_core.shell:Creating package script '/home/tjddus/min/minicar_controller/kbd_reader/install/kbd_reader/share/kbd_reader/package.ps1'
[8.954s] INFO:colcon.colcon_core.shell:Creating package descriptor '/home/tjddus/min/minicar_controller/kbd_reader/install/kbd_reader/share/kbd_reader/package.dsv'
[8.955s] INFO:colcon.colcon_core.shell:Creating package script '/home/tjddus/min/minicar_controller/kbd_reader/install/kbd_reader/share/kbd_reader/package.sh'
[8.958s] INFO:colcon.colcon_core.shell:Creating package script '/home/tjddus/min/minicar_controller/kbd_reader/install/kbd_reader/share/kbd_reader/package.bash'
[8.961s] INFO:colcon.colcon_core.shell:Creating package script '/home/tjddus/min/minicar_controller/kbd_reader/install/kbd_reader/share/kbd_reader/package.zsh'
[8.963s] Level 1:colcon.colcon_core.environment:create_file_with_runtime_dependencies(/home/tjddus/min/minicar_controller/kbd_reader/install/kbd_reader/share/colcon-core/packages/kbd_reader)
[8.974s] DEBUG:colcon.colcon_parallel_executor.executor.parallel:closing loop
[8.976s] DEBUG:colcon.colcon_parallel_executor.executor.parallel:loop closed
[8.976s] DEBUG:colcon.colcon_parallel_executor.executor.parallel:run_until_complete finished with '2'
[8.976s] DEBUG:colcon.colcon_core.event_reactor:joining thread
[8.990s] INFO:colcon.colcon_core.plugin_system:Skipping extension 'colcon_notification.desktop_notification.terminal_notifier': Not used on non-Darwin systems
[8.991s] INFO:colcon.colcon_core.plugin_system:Skipping extension 'colcon_notification.desktop_notification.win32': Not used on non-Windows systems
[8.991s] INFO:colcon.colcon_notification.desktop_notification:Sending desktop notification using 'notify2'
[9.046s] DEBUG:colcon.colcon_core.event_reactor:joined thread
[9.050s] INFO:colcon.colcon_core.shell:Creating prefix script '/home/tjddus/min/minicar_controller/kbd_reader/install/local_setup.ps1'
[9.052s] INFO:colcon.colcon_core.shell:Creating prefix util module '/home/tjddus/min/minicar_controller/kbd_reader/install/_local_setup_util_ps1.py'
[9.058s] INFO:colcon.colcon_core.shell:Creating prefix chain script '/home/tjddus/min/minicar_controller/kbd_reader/install/setup.ps1'
[9.069s] INFO:colcon.colcon_core.shell:Creating prefix script '/home/tjddus/min/minicar_controller/kbd_reader/install/local_setup.sh'
[9.082s] INFO:colcon.colcon_core.shell:Creating prefix util module '/home/tjddus/min/minicar_controller/kbd_reader/install/_local_setup_util_sh.py'
[9.083s] INFO:colcon.colcon_core.shell:Creating prefix chain script '/home/tjddus/min/minicar_controller/kbd_reader/install/setup.sh'
[9.089s] INFO:colcon.colcon_core.shell:Creating prefix script '/home/tjddus/min/minicar_controller/kbd_reader/install/local_setup.bash'
[9.090s] INFO:colcon.colcon_core.shell:Creating prefix chain script '/home/tjddus/min/minicar_controller/kbd_reader/install/setup.bash'
[9.097s] INFO:colcon.colcon_core.shell:Creating prefix script '/home/tjddus/min/minicar_controller/kbd_reader/install/local_setup.zsh'
[9.098s] INFO:colcon.colcon_core.shell:Creating prefix chain script '/home/tjddus/min/minicar_controller/kbd_reader/install/setup.zsh'
