[ 50%] Built target VescController
[100%] Built target VescController_node
-- Install configuration: ""
-- Up-to-date: /home/tjddus/min/minicar_controller/vesc_controller/install/vesc_controller/lib/vesc_controller/libVescController.so
-- Up-to-date: /home/tjddus/min/minicar_controller/vesc_controller/install/vesc_controller/lib/vesc_controller/VescController_node
-- Up-to-date: /home/tjddus/min/minicar_controller/vesc_controller/install/vesc_controller/share/ament_index/resource_index/package_run_dependencies/vesc_controller
-- Up-to-date: /home/tjddus/min/minicar_controller/vesc_controller/install/vesc_controller/share/ament_index/resource_index/parent_prefix_path/vesc_controller
-- Up-to-date: /home/tjddus/min/minicar_controller/vesc_controller/install/vesc_controller/share/vesc_controller/environment/ament_prefix_path.sh
-- Up-to-date: /home/tjddus/min/minicar_controller/vesc_controller/install/vesc_controller/share/vesc_controller/environment/ament_prefix_path.dsv
-- Up-to-date: /home/tjddus/min/minicar_controller/vesc_controller/install/vesc_controller/share/vesc_controller/environment/path.sh
-- Up-to-date: /home/tjddus/min/minicar_controller/vesc_controller/install/vesc_controller/share/vesc_controller/environment/path.dsv
-- Up-to-date: /home/tjddus/min/minicar_controller/vesc_controller/install/vesc_controller/share/vesc_controller/local_setup.bash
-- Up-to-date: /home/tjddus/min/minicar_controller/vesc_controller/install/vesc_controller/share/vesc_controller/local_setup.sh
-- Up-to-date: /home/tjddus/min/minicar_controller/vesc_controller/install/vesc_controller/share/vesc_controller/local_setup.zsh
-- Up-to-date: /home/tjddus/min/minicar_controller/vesc_controller/install/vesc_controller/share/vesc_controller/local_setup.dsv
-- Installing: /home/tjddus/min/minicar_controller/vesc_controller/install/vesc_controller/share/vesc_controller/package.dsv
-- Up-to-date: /home/tjddus/min/minicar_controller/vesc_controller/install/vesc_controller/share/ament_index/resource_index/packages/vesc_controller
-- Up-to-date: /home/tjddus/min/minicar_controller/vesc_controller/install/vesc_controller/share/vesc_controller/cmake/vesc_controllerConfig.cmake
-- Up-to-date: /home/tjddus/min/minicar_controller/vesc_controller/install/vesc_controller/share/vesc_controller/cmake/vesc_controllerConfig-version.cmake
-- Up-to-date: /home/tjddus/min/minicar_controller/vesc_controller/install/vesc_controller/share/vesc_controller/package.xml
