[ 50%] Built target VescController
[35m[1mScanning dependencies of target VescController_node[0m
[ 75%] [32mBuilding CXX object CMakeFiles/VescController_node.dir/src/vesc_controller_node.cpp.o[0m
In file included from [01m[K/home/tjddus/min/minicar_controller/vesc_controller/include/vesc_controller/vesc_controller.hpp:7[m[K,
                 from [01m[K/home/tjddus/min/minicar_controller/vesc_controller/src/vesc_controller_node.cpp:3[m[K:
/usr/include/c++/9/thread: In instantiation of ‘[01m[Kstd::thread::thread(_Callable&&, _Args&& ...) [with _Callable = void (VescController::*)(); _Args = {std::shared_ptr<VescController>*}; <template-parameter-1-3> = void][m[K’:
[01m[K/home/tjddus/min/minicar_controller/vesc_controller/src/vesc_controller_node.cpp:12:56:[m[K   required from here
[01m[K/usr/include/c++/9/thread:120:44:[m[K [01;31m[Kerror: [m[Kstatic assertion failed: std::thread arguments must be invocable after conversion to rvalues
  120 |           typename decay<_Args>::type...>::[01;31m[Kvalue[m[K,
      |                                            [01;31m[K^~~~~[m[K
/usr/include/c++/9/thread: In instantiation of ‘[01m[Kstruct std::thread::_Invoker<std::tuple<void (VescController::*)(), std::shared_ptr<VescController>*> >[m[K’:
[01m[K/usr/include/c++/9/thread:131:22:[m[K   required from ‘[01m[Kstd::thread::thread(_Callable&&, _Args&& ...) [with _Callable = void (VescController::*)(); _Args = {std::shared_ptr<VescController>*}; <template-parameter-1-3> = void][m[K’
[01m[K/home/tjddus/min/minicar_controller/vesc_controller/src/vesc_controller_node.cpp:12:56:[m[K   required from here
[01m[K/usr/include/c++/9/thread:243:4:[m[K [01;31m[Kerror: [m[Kno type named ‘[01m[Ktype[m[K’ in ‘[01m[Kstruct std::thread::_Invoker<std::tuple<void (VescController::*)(), std::shared_ptr<VescController>*> >::__result<std::tuple<void (VescController::*)(), std::shared_ptr<VescController>*> >[m[K’
  243 |    [01;31m[K_M_invoke[m[K(_Index_tuple<_Ind...>)
      |    [01;31m[K^~~~~~~~~[m[K
[01m[K/usr/include/c++/9/thread:247:2:[m[K [01;31m[Kerror: [m[Kno type named ‘[01m[Ktype[m[K’ in ‘[01m[Kstruct std::thread::_Invoker<std::tuple<void (VescController::*)(), std::shared_ptr<VescController>*> >::__result<std::tuple<void (VescController::*)(), std::shared_ptr<VescController>*> >[m[K’
  247 |  [01;31m[Koperator[m[K()()
      |  [01;31m[K^~~~~~~~[m[K
make[2]: *** [CMakeFiles/VescController_node.dir/build.make:63: CMakeFiles/VescController_node.dir/src/vesc_controller_node.cpp.o] Error 1
make[1]: *** [CMakeFiles/Makefile2:80: CMakeFiles/VescController_node.dir/all] Error 2
make: *** [Makefile:141: all] Error 2
