[0.010s] Invoking command in '/home/tjddus/min/minicar_controller/vesc_controller/build/vesc_controller': CMAKE_PREFIX_PATH=/opt/ros/foxy /usr/bin/cmake /home/tjddus/min/minicar_controller/vesc_controller -DCMAKE_INSTALL_PREFIX=/home/tjddus/min/minicar_controller/vesc_controller/install/vesc_controller
[0.057s] -- The C compiler identification is GNU 9.4.0
[0.090s] -- The CXX compiler identification is GNU 9.4.0
[0.092s] -- Check for working C compiler: /usr/bin/cc
[0.152s] -- Check for working C compiler: /usr/bin/cc -- works
[0.152s] -- Detecting C compiler ABI info
[0.246s] -- Detecting C compiler ABI info - done
[0.253s] -- Detecting C compile features
[0.253s] -- Detecting C compile features - done
[0.255s] -- Check for working CXX compiler: /usr/bin/c++
[0.307s] -- Check for working CXX compiler: /usr/bin/c++ -- works
[0.308s] -- Detecting CXX compiler ABI info
[0.379s] -- Detecting CXX compiler ABI info - done
[0.387s] -- Detecting CXX compile features
[0.388s] -- Detecting CXX compile features - done
[0.390s] -- Found ament_cmake: 0.9.9 (/opt/ros/foxy/share/ament_cmake/cmake)
[0.408s] -- Found PythonInterp: /usr/bin/python3 (found suitable version "3.8.10", minimum required is "3") 
[0.409s] -- Using PYTHON_EXECUTABLE: /usr/bin/python3
[0.523s] -- Found ament_cmake_auto: 0.9.9 (/opt/ros/foxy/share/ament_cmake_auto/cmake)
[0.524s] -- Found rclcpp: 2.4.1 (/opt/ros/foxy/share/rclcpp/cmake)
[0.547s] -- Using all available rosidl_typesupport_c: rosidl_typesupport_fastrtps_c;rosidl_typesupport_introspection_c
[0.551s] -- Found rosidl_adapter: 1.2.1 (/opt/ros/foxy/share/rosidl_adapter/cmake)
[0.594s] -- Found OpenSSL: /usr/lib/x86_64-linux-gnu/libcrypto.so (found version "1.1.1f")  
[0.611s] -- Found FastRTPS: /opt/ros/foxy/include  
[0.652s] -- Using all available rosidl_typesupport_cpp: rosidl_typesupport_fastrtps_cpp;rosidl_typesupport_introspection_cpp
[0.682s] -- Found rmw_implementation_cmake: 1.0.3 (/opt/ros/foxy/share/rmw_implementation_cmake/cmake)
[0.682s] -- Using RMW implementation 'rmw_fastrtps_cpp' as default
[0.683s] -- Looking for pthread.h
[0.743s] -- Looking for pthread.h - found
[0.744s] -- Performing Test CMAKE_HAVE_LIBC_PTHREAD
[0.820s] -- Performing Test CMAKE_HAVE_LIBC_PTHREAD - Failed
[0.820s] -- Looking for pthread_create in pthreads
[0.889s] -- Looking for pthread_create in pthreads - not found
[0.890s] -- Looking for pthread_create in pthread
[1.009s] -- Looking for pthread_create in pthread - found
[1.011s] -- Found Threads: TRUE  
[1.098s] CMake Error at /opt/ros/foxy/share/ament_cmake_target_dependencies/cmake/ament_target_dependencies.cmake:77 (message):
[1.099s]   ament_target_dependencies() the passed package name 'lgsvl_msgs' was not
[1.099s]   found before
[1.099s] Call Stack (most recent call first):
[1.099s]   CMakeLists.txt:25 (ament_target_dependencies)
[1.099s] 
[1.099s] 
[1.099s] -- Configuring incomplete, errors occurred!
[1.099s] See also "/home/tjddus/min/minicar_controller/vesc_controller/build/vesc_controller/CMakeFiles/CMakeOutput.log".
[1.099s] See also "/home/tjddus/min/minicar_controller/vesc_controller/build/vesc_controller/CMakeFiles/CMakeError.log".
[1.104s] Invoked command in '/home/tjddus/min/minicar_controller/vesc_controller/build/vesc_controller' returned '1': CMAKE_PREFIX_PATH=/opt/ros/foxy /usr/bin/cmake /home/tjddus/min/minicar_controller/vesc_controller -DCMAKE_INSTALL_PREFIX=/home/tjddus/min/minicar_controller/vesc_controller/install/vesc_controller
