-- Found ament_cmake: 0.9.9 (/opt/ros/foxy/share/ament_cmake/cmake)
-- Using PYTHON_EXECUTABLE: /usr/bin/python3
-- Found ament_cmake_auto: 0.9.9 (/opt/ros/foxy/share/ament_cmake_auto/cmake)
-- Found rclcpp: 2.4.1 (/opt/ros/foxy/share/rclcpp/cmake)
-- Using all available rosidl_typesupport_c: rosidl_typesupport_fastrtps_c;rosidl_typesupport_introspection_c
-- Found rosidl_adapter: 1.2.1 (/opt/ros/foxy/share/rosidl_adapter/cmake)
-- Using all available rosidl_typesupport_cpp: rosidl_typesupport_fastrtps_cpp;rosidl_typesupport_introspection_cpp
-- Found rmw_implementation_cmake: 1.0.3 (/opt/ros/foxy/share/rmw_implementation_cmake/cmake)
-- Using RMW implementation 'rmw_fastrtps_cpp' as default
-- Configuring done
-- Generating done
-- Build files have been written to: /home/tjddus/min/minicar_controller/vesc_controller/build/vesc_controller
[35m[1mScanning dependencies of target VescController[0m
[ 25%] [32mBuilding CXX object CMakeFiles/VescController.dir/src/vesc_controller.cpp.o[0m
In file included from [01m[K/home/tjddus/min/minicar_controller/vesc_controller/src/vesc_controller.cpp:1[m[K:
[01m[K/home/tjddus/min/minicar_controller/vesc_controller/include/vesc_controller/vesc_controller.hpp:31:16:[m[K [01;31m[Kerror: [m[Kusing typedef-name ‘[01m[Ksocklen_t[m[K’ after ‘[01m[Kstruct[m[K’
   31 |         struct [01;31m[Ksocklen_t[m[K addr_client_len;
      |                [01;31m[K^~~~~~~~~[m[K
In file included from [01m[K/home/tjddus/min/minicar_controller/vesc_controller/include/vesc_controller/vesc_controller.hpp:6[m[K,
                 from [01m[K/home/tjddus/min/minicar_controller/vesc_controller/src/vesc_controller.cpp:1[m[K:
[01m[K/usr/include/unistd.h:274:21:[m[K [01;36m[Knote: [m[K‘[01m[Ksocklen_t[m[K’ has a previous declaration here
  274 | typedef __socklen_t [01;36m[Ksocklen_t[m[K;
      |                     [01;36m[K^~~~~~~~~[m[K
[01m[K/home/tjddus/min/minicar_controller/vesc_controller/src/vesc_controller.cpp:11:31:[m[K [01;31m[Kerror: [m[KISO C++ forbids declaration of ‘[01m[KSettingSocket[m[K’ with no type [[01;31m[K-fpermissive[m[K]
   11 | VescController::SettingSocket([01;31m[K)[m[K
      |                               [01;31m[K^[m[K
[01m[K/home/tjddus/min/minicar_controller/vesc_controller/src/vesc_controller.cpp:11:1:[m[K [01;31m[Kerror: [m[Kno declaration matches ‘[01m[Kint VescController::SettingSocket()[m[K’
   11 | [01;31m[KVescController[m[K::SettingSocket()
      | [01;31m[K^~~~~~~~~~~~~~[m[K
In file included from [01m[K/home/tjddus/min/minicar_controller/vesc_controller/src/vesc_controller.cpp:1[m[K:
[01m[K/home/tjddus/min/minicar_controller/vesc_controller/include/vesc_controller/vesc_controller.hpp:39:14:[m[K [01;36m[Knote: [m[Kcandidate is: ‘[01m[Kvoid VescController::SettingSocket()[m[K’
   39 |         void [01;36m[KSettingSocket[m[K();
      |              [01;36m[K^~~~~~~~~~~~~[m[K
[01m[K/home/tjddus/min/minicar_controller/vesc_controller/include/vesc_controller/vesc_controller.hpp:24:7:[m[K [01;36m[Knote: [m[K‘[01m[Kclass VescController[m[K’ defined here
   24 | class [01;36m[KVescController[m[K : public rclcpp::Node
      |       [01;36m[K^~~~~~~~~~~~~~[m[K
[01m[K/home/tjddus/min/minicar_controller/vesc_controller/src/vesc_controller.cpp:52:28:[m[K [01;31m[Kerror: [m[KISO C++ forbids declaration of ‘[01m[KReceiveKey[m[K’ with no type [[01;31m[K-fpermissive[m[K]
   52 | VescController::ReceiveKey([01;31m[K)[m[K
      |                            [01;31m[K^[m[K
[01m[K/home/tjddus/min/minicar_controller/vesc_controller/src/vesc_controller.cpp:52:1:[m[K [01;31m[Kerror: [m[Kno declaration matches ‘[01m[Kint VescController::ReceiveKey()[m[K’
   52 | [01;31m[KVescController[m[K::ReceiveKey()
      | [01;31m[K^~~~~~~~~~~~~~[m[K
In file included from [01m[K/home/tjddus/min/minicar_controller/vesc_controller/src/vesc_controller.cpp:1[m[K:
[01m[K/home/tjddus/min/minicar_controller/vesc_controller/include/vesc_controller/vesc_controller.hpp:40:14:[m[K [01;36m[Knote: [m[Kcandidate is: ‘[01m[Kvoid VescController::ReceiveKey()[m[K’
   40 |         void [01;36m[KReceiveKey[m[K();
      |              [01;36m[K^~~~~~~~~~[m[K
[01m[K/home/tjddus/min/minicar_controller/vesc_controller/include/vesc_controller/vesc_controller.hpp:24:7:[m[K [01;36m[Knote: [m[K‘[01m[Kclass VescController[m[K’ defined here
   24 | class [01;36m[KVescController[m[K : public rclcpp::Node
      |       [01;36m[K^~~~~~~~~~~~~~[m[K
make[2]: *** [CMakeFiles/VescController.dir/build.make:63: CMakeFiles/VescController.dir/src/vesc_controller.cpp.o] Error 1
make[1]: *** [CMakeFiles/Makefile2:107: CMakeFiles/VescController.dir/all] Error 2
make: *** [Makefile:141: all] Error 2
