[ 50%] Built target KbdReader
[100%] Built target KbdReader_node
-- Install configuration: ""
-- Up-to-date: /home/tjddus/min/minicar_controller/kbd_reader/install/kbd_reader/lib/kbd_reader/libKbdReader.so
-- Up-to-date: /home/tjddus/min/minicar_controller/kbd_reader/install/kbd_reader/lib/kbd_reader/KbdReader_node
-- Up-to-date: /home/tjddus/min/minicar_controller/kbd_reader/install/kbd_reader/share/ament_index/resource_index/package_run_dependencies/kbd_reader
-- Up-to-date: /home/tjddus/min/minicar_controller/kbd_reader/install/kbd_reader/share/ament_index/resource_index/parent_prefix_path/kbd_reader
-- Up-to-date: /home/tjddus/min/minicar_controller/kbd_reader/install/kbd_reader/share/kbd_reader/environment/ament_prefix_path.sh
-- Up-to-date: /home/tjddus/min/minicar_controller/kbd_reader/install/kbd_reader/share/kbd_reader/environment/ament_prefix_path.dsv
-- Up-to-date: /home/tjddus/min/minicar_controller/kbd_reader/install/kbd_reader/share/kbd_reader/environment/path.sh
-- Up-to-date: /home/tjddus/min/minicar_controller/kbd_reader/install/kbd_reader/share/kbd_reader/environment/path.dsv
-- Up-to-date: /home/tjddus/min/minicar_controller/kbd_reader/install/kbd_reader/share/kbd_reader/local_setup.bash
-- Up-to-date: /home/tjddus/min/minicar_controller/kbd_reader/install/kbd_reader/share/kbd_reader/local_setup.sh
-- Up-to-date: /home/tjddus/min/minicar_controller/kbd_reader/install/kbd_reader/share/kbd_reader/local_setup.zsh
-- Up-to-date: /home/tjddus/min/minicar_controller/kbd_reader/install/kbd_reader/share/kbd_reader/local_setup.dsv
-- Installing: /home/tjddus/min/minicar_controller/kbd_reader/install/kbd_reader/share/kbd_reader/package.dsv
-- Up-to-date: /home/tjddus/min/minicar_controller/kbd_reader/install/kbd_reader/share/ament_index/resource_index/packages/kbd_reader
-- Up-to-date: /home/tjddus/min/minicar_controller/kbd_reader/install/kbd_reader/share/kbd_reader/cmake/kbd_readerConfig.cmake
-- Up-to-date: /home/tjddus/min/minicar_controller/kbd_reader/install/kbd_reader/share/kbd_reader/cmake/kbd_readerConfig-version.cmake
-- Up-to-date: /home/tjddus/min/minicar_controller/kbd_reader/install/kbd_reader/share/kbd_reader/package.xml
