[0.010s] Invoking command in '/home/tjddus/min/minicar_controller/vesc_controller/build/vesc_controller': CMAKE_PREFIX_PATH=${CMAKE_PREFIX_PATH}:/opt/ros/foxy /usr/bin/cmake --build /home/tjddus/min/minicar_controller/vesc_controller/build/vesc_controller -- -j20 -l20
[0.044s] [35m[1mScanning dependencies of target VescController[0m
[0.066s] [ 25%] [32mBuilding CXX object CMakeFiles/VescController.dir/src/vesc_controller.cpp.o[0m
[0.852s] [01m[K/home/tjddus/min/minicar_controller/vesc_controller/src/vesc_controller.cpp:[m[K In member function ‘[01m[Kvoid VescController::ReceiveKey()[m[K’:
[0.852s] [01m[K/home/tjddus/min/minicar_controller/vesc_controller/src/vesc_controller.cpp:104:18:[m[K [01;35m[Kwarning: [m[Kvalue computed is not used [[01;35m[K-Wunused-value[m[K]
[0.852s]   104 |         [01;35m[Kread_chk == read(client_sock, r_buff, 1)[m[K;
[0.852s]       |         [01;35m[K~~~~~~~~~^~~~~~~~~~~~~~~~~~~~~~~~~~~~~~~[m[K
[0.857s] [01m[K/home/tjddus/min/minicar_controller/vesc_controller/src/vesc_controller.cpp:[m[K In member function ‘[01m[Kvoid VescController::cmd_publisher(int, int, int)[m[K’:
[0.857s] [01m[K/home/tjddus/min/minicar_controller/vesc_controller/src/vesc_controller.cpp:198:59:[m[K [01;35m[Kwarning: [m[Kunused parameter ‘[01m[Kcur_steer_arg[m[K’ [[01;35m[K-Wunused-parameter[m[K]
[0.857s]   198 | void VescController::cmd_publisher(int cur_accel_arg, [01;35m[Kint cur_steer_arg[m[K, int cur_brake_arg)
[0.857s]       |                                                       [01;35m[K~~~~^~~~~~~~~~~~~[m[K
[1.758s] [ 50%] [32m[1mLinking CXX shared library libVescController.so[0m
[1.839s] [ 50%] Built target VescController
[1.857s] [ 75%] [32m[1mLinking CXX executable VescController_node[0m
[1.927s] [100%] Built target VescController_node
[1.936s] Invoked command in '/home/tjddus/min/minicar_controller/vesc_controller/build/vesc_controller' returned '0': CMAKE_PREFIX_PATH=${CMAKE_PREFIX_PATH}:/opt/ros/foxy /usr/bin/cmake --build /home/tjddus/min/minicar_controller/vesc_controller/build/vesc_controller -- -j20 -l20
[1.960s] Invoking command in '/home/tjddus/min/minicar_controller/vesc_controller/build/vesc_controller': CMAKE_PREFIX_PATH=${CMAKE_PREFIX_PATH}:/opt/ros/foxy /usr/bin/cmake --install /home/tjddus/min/minicar_controller/vesc_controller/build/vesc_controller
[1.970s] -- Install configuration: ""
[1.970s] -- Installing: /home/tjddus/min/minicar_controller/vesc_controller/install/vesc_controller/lib/vesc_controller/libVescController.so
[1.972s] -- Set runtime path of "/home/tjddus/min/minicar_controller/vesc_controller/install/vesc_controller/lib/vesc_controller/libVescController.so" to ""
[1.972s] -- Installing: /home/tjddus/min/minicar_controller/vesc_controller/install/vesc_controller/lib/vesc_controller/VescController_node
[1.973s] -- Set runtime path of "/home/tjddus/min/minicar_controller/vesc_controller/install/vesc_controller/lib/vesc_controller/VescController_node" to ""
[1.973s] -- Up-to-date: /home/tjddus/min/minicar_controller/vesc_controller/install/vesc_controller/share/ament_index/resource_index/package_run_dependencies/vesc_controller
[1.973s] -- Up-to-date: /home/tjddus/min/minicar_controller/vesc_controller/install/vesc_controller/share/ament_index/resource_index/parent_prefix_path/vesc_controller
[1.973s] -- Up-to-date: /home/tjddus/min/minicar_controller/vesc_controller/install/vesc_controller/share/vesc_controller/environment/ament_prefix_path.sh
[1.973s] -- Up-to-date: /home/tjddus/min/minicar_controller/vesc_controller/install/vesc_controller/share/vesc_controller/environment/ament_prefix_path.dsv
[1.973s] -- Up-to-date: /home/tjddus/min/minicar_controller/vesc_controller/install/vesc_controller/share/vesc_controller/environment/path.sh
[1.973s] -- Up-to-date: /home/tjddus/min/minicar_controller/vesc_controller/install/vesc_controller/share/vesc_controller/environment/path.dsv
[1.973s] -- Up-to-date: /home/tjddus/min/minicar_controller/vesc_controller/install/vesc_controller/share/vesc_controller/local_setup.bash
[1.973s] -- Up-to-date: /home/tjddus/min/minicar_controller/vesc_controller/install/vesc_controller/share/vesc_controller/local_setup.sh
[1.974s] -- Up-to-date: /home/tjddus/min/minicar_controller/vesc_controller/install/vesc_controller/share/vesc_controller/local_setup.zsh
[1.974s] -- Up-to-date: /home/tjddus/min/minicar_controller/vesc_controller/install/vesc_controller/share/vesc_controller/local_setup.dsv
[1.974s] -- Installing: /home/tjddus/min/minicar_controller/vesc_controller/install/vesc_controller/share/vesc_controller/package.dsv
[1.974s] -- Up-to-date: /home/tjddus/min/minicar_controller/vesc_controller/install/vesc_controller/share/ament_index/resource_index/packages/vesc_controller
[1.974s] -- Up-to-date: /home/tjddus/min/minicar_controller/vesc_controller/install/vesc_controller/share/vesc_controller/cmake/vesc_controllerConfig.cmake
[1.974s] -- Up-to-date: /home/tjddus/min/minicar_controller/vesc_controller/install/vesc_controller/share/vesc_controller/cmake/vesc_controllerConfig-version.cmake
[1.974s] -- Up-to-date: /home/tjddus/min/minicar_controller/vesc_controller/install/vesc_controller/share/vesc_controller/package.xml
[1.975s] Invoked command in '/home/tjddus/min/minicar_controller/vesc_controller/build/vesc_controller' returned '0': CMAKE_PREFIX_PATH=${CMAKE_PREFIX_PATH}:/opt/ros/foxy /usr/bin/cmake --install /home/tjddus/min/minicar_controller/vesc_controller/build/vesc_controller
