[ 50%] Built target kbd_reader
[35m[1mScanning dependencies of target kbd_reader_node[0m
[ 75%] [32mBuilding CXX object CMakeFiles/kbd_reader_node.dir/src/kbd_reader_node.cpp.o[0m
[100%] [32m[1mLinking CXX executable kbd_reader_node[0m
[100%] Built target kbd_reader_node
-- Install configuration: ""
-- Installing: /home/tjddus/min/minicar_controller/kbd_reader/install/kbd_reader/lib/kbd_reader/libkbd_reader.so
-- Set runtime path of "/home/tjddus/min/minicar_controller/kbd_reader/install/kbd_reader/lib/kbd_reader/libkbd_reader.so" to ""
-- Installing: /home/tjddus/min/minicar_controller/kbd_reader/install/kbd_reader/lib/kbd_reader/kbd_reader_node
-- Set runtime path of "/home/tjddus/min/minicar_controller/kbd_reader/install/kbd_reader/lib/kbd_reader/kbd_reader_node" to ""
-- Installing: /home/tjddus/min/minicar_controller/kbd_reader/install/kbd_reader/share/ament_index/resource_index/package_run_dependencies/kbd_reader
-- Installing: /home/tjddus/min/minicar_controller/kbd_reader/install/kbd_reader/share/ament_index/resource_index/parent_prefix_path/kbd_reader
-- Installing: /home/tjddus/min/minicar_controller/kbd_reader/install/kbd_reader/share/kbd_reader/environment/ament_prefix_path.sh
-- Installing: /home/tjddus/min/minicar_controller/kbd_reader/install/kbd_reader/share/kbd_reader/environment/ament_prefix_path.dsv
-- Installing: /home/tjddus/min/minicar_controller/kbd_reader/install/kbd_reader/share/kbd_reader/environment/path.sh
-- Installing: /home/tjddus/min/minicar_controller/kbd_reader/install/kbd_reader/share/kbd_reader/environment/path.dsv
-- Installing: /home/tjddus/min/minicar_controller/kbd_reader/install/kbd_reader/share/kbd_reader/local_setup.bash
-- Installing: /home/tjddus/min/minicar_controller/kbd_reader/install/kbd_reader/share/kbd_reader/local_setup.sh
-- Installing: /home/tjddus/min/minicar_controller/kbd_reader/install/kbd_reader/share/kbd_reader/local_setup.zsh
-- Installing: /home/tjddus/min/minicar_controller/kbd_reader/install/kbd_reader/share/kbd_reader/local_setup.dsv
-- Installing: /home/tjddus/min/minicar_controller/kbd_reader/install/kbd_reader/share/kbd_reader/package.dsv
-- Installing: /home/tjddus/min/minicar_controller/kbd_reader/install/kbd_reader/share/ament_index/resource_index/packages/kbd_reader
-- Installing: /home/tjddus/min/minicar_controller/kbd_reader/install/kbd_reader/share/kbd_reader/cmake/kbd_readerConfig.cmake
-- Installing: /home/tjddus/min/minicar_controller/kbd_reader/install/kbd_reader/share/kbd_reader/cmake/kbd_readerConfig-version.cmake
-- Installing: /home/tjddus/min/minicar_controller/kbd_reader/install/kbd_reader/share/kbd_reader/package.xml
