[0.008s] Invoking command in '/home/tjddus/min/minicar_controller/vesc_controller/build/vesc_controller': CMAKE_PREFIX_PATH=/opt/ros/foxy /usr/bin/cmake --build /home/tjddus/min/minicar_controller/vesc_controller/build/vesc_controller -- -j20 -l20
[0.034s] [35m[1mScanning dependencies of target VescController[0m
[0.053s] [ 25%] [32mBuilding CXX object CMakeFiles/VescController.dir/src/vesc_controller.cpp.o[0m
[0.712s] [01m[K/home/tjddus/min/minicar_controller/vesc_controller/src/vesc_controller.cpp:[m[K In member function ‘[01m[Kvoid VescController::ReceiveKey()[m[K’:
[0.712s] [01m[K/home/tjddus/min/minicar_controller/vesc_controller/src/vesc_controller.cpp:104:18:[m[K [01;35m[Kwarning: [m[Kvalue computed is not used [[01;35m[K-Wunused-value[m[K]
[0.712s]   104 |         [01;35m[Kread_chk == read(client_sock, r_buff, 1)[m[K;
[0.712s]       |         [01;35m[K~~~~~~~~~^~~~~~~~~~~~~~~~~~~~~~~~~~~~~~~[m[K
[0.758s] In file included from [01m[K/home/tjddus/min/minicar_controller/vesc_controller/include/vesc_controller/vesc_controller.hpp:7[m[K,
[0.758s]                  from [01m[K/home/tjddus/min/minicar_controller/vesc_controller/src/vesc_controller.cpp:1[m[K:
[0.758s] /usr/include/c++/9/thread: In instantiation of ‘[01m[Kstd::thread::thread(_Callable&&, _Args&& ...) [with _Callable = void (VescController::*)(); _Args = {}; <template-parameter-1-3> = void][m[K’:
[0.758s] [01m[K/home/tjddus/min/minicar_controller/vesc_controller/src/vesc_controller.cpp:41:49:[m[K   required from here
[0.758s] [01m[K/usr/include/c++/9/thread:120:44:[m[K [01;31m[Kerror: [m[Kstatic assertion failed: std::thread arguments must be invocable after conversion to rvalues
[0.758s]   120 |           typename decay<_Args>::type...>::[01;31m[Kvalue[m[K,
[0.758s]       |                                            [01;31m[K^~~~~[m[K
[0.759s] /usr/include/c++/9/thread: In instantiation of ‘[01m[Kstruct std::thread::_Invoker<std::tuple<void (VescController::*)()> >[m[K’:
[0.759s] [01m[K/usr/include/c++/9/thread:131:22:[m[K   required from ‘[01m[Kstd::thread::thread(_Callable&&, _Args&& ...) [with _Callable = void (VescController::*)(); _Args = {}; <template-parameter-1-3> = void][m[K’
[0.759s] [01m[K/home/tjddus/min/minicar_controller/vesc_controller/src/vesc_controller.cpp:41:49:[m[K   required from here
[0.759s] [01m[K/usr/include/c++/9/thread:243:4:[m[K [01;31m[Kerror: [m[Kno type named ‘[01m[Ktype[m[K’ in ‘[01m[Kstruct std::thread::_Invoker<std::tuple<void (VescController::*)()> >::__result<std::tuple<void (VescController::*)()> >[m[K’
[0.759s]   243 |    [01;31m[K_M_invoke[m[K(_Index_tuple<_Ind...>)
[0.759s]       |    [01;31m[K^~~~~~~~~[m[K
[0.759s] [01m[K/usr/include/c++/9/thread:247:2:[m[K [01;31m[Kerror: [m[Kno type named ‘[01m[Ktype[m[K’ in ‘[01m[Kstruct std::thread::_Invoker<std::tuple<void (VescController::*)()> >::__result<std::tuple<void (VescController::*)()> >[m[K’
[0.759s]   247 |  [01;31m[Koperator[m[K()()
[0.759s]       |  [01;31m[K^~~~~~~~[m[K
[1.148s] make[2]: *** [CMakeFiles/VescController.dir/build.make:63: CMakeFiles/VescController.dir/src/vesc_controller.cpp.o] Error 1
[1.148s] make[1]: *** [CMakeFiles/Makefile2:107: CMakeFiles/VescController.dir/all] Error 2
[1.149s] make: *** [Makefile:141: all] Error 2
[1.151s] Invoked command in '/home/tjddus/min/minicar_controller/vesc_controller/build/vesc_controller' returned '2': CMAKE_PREFIX_PATH=/opt/ros/foxy /usr/bin/cmake --build /home/tjddus/min/minicar_controller/vesc_controller/build/vesc_controller -- -j20 -l20
