[0.076s] DEBUG:colcon:Command line arguments: ['/usr/bin/colcon', 'build']
[0.076s] DEBUG:colcon:Parsed command line arguments: Namespace(allow_overriding=[], ament_cmake_args=None, base_paths=['.'], build_base='build', catkin_cmake_args=None, catkin_skip_building_tests=False, cmake_args=None, cmake_clean_cache=False, cmake_clean_first=False, cmake_force_configure=False, cmake_target=None, cmake_target_skip_unavailable=False, continue_on_error=False, event_handlers=None, executor='parallel', ignore_user_meta=False, install_base='install', log_base=None, log_level=None, main=<bound method BuildVerb.main of <colcon_core.verb.build.BuildVerb object at 0x7f9e0af79340>>, merge_install=False, metas=['./colcon.meta'], packages_above=None, packages_above_and_dependencies=None, packages_above_depth=None, packages_end=None, packages_ignore=None, packages_ignore_regex=None, packages_select=None, packages_select_build_failed=False, packages_select_by_dep=None, packages_select_regex=None, packages_select_test_failures=False, packages_skip=None, packages_skip_build_finished=False, packages_skip_by_dep=None, packages_skip_regex=None, packages_skip_test_passed=False, packages_skip_up_to=None, packages_start=None, packages_up_to=None, packages_up_to_regex=None, parallel_workers=20, paths=None, symlink_install=False, test_result_base=None, verb_extension=<colcon_core.verb.build.BuildVerb object at 0x7f9e0af79340>, verb_name='build', verb_parser=<colcon_defaults.argument_parser.defaults.DefaultArgumentsDecorator object at 0x7f9e0af79880>)
[0.089s] Level 1:colcon.colcon_core.package_discovery:discover_packages(colcon_meta) check parameters
[0.089s] Level 1:colcon.colcon_core.package_discovery:discover_packages(recursive) check parameters
[0.089s] Level 1:colcon.colcon_core.package_discovery:discover_packages(ignore) check parameters
[0.089s] Level 1:colcon.colcon_core.package_discovery:discover_packages(path) check parameters
[0.089s] Level 1:colcon.colcon_core.package_discovery:discover_packages(colcon_meta) discover
[0.089s] Level 1:colcon.colcon_core.package_discovery:discover_packages(recursive) discover
[0.089s] INFO:colcon.colcon_core.package_discovery:Crawling recursively for packages in '/home/tjddus/min/minicar_controller/vesc_controller'
[0.089s] Level 1:colcon.colcon_core.package_identification:_identify(.) by extensions ['ignore', 'ignore_ament_install']
[0.089s] Level 1:colcon.colcon_core.package_identification:_identify(.) by extension 'ignore'
[0.089s] Level 1:colcon.colcon_core.package_identification:_identify(.) by extension 'ignore_ament_install'
[0.089s] Level 1:colcon.colcon_core.package_identification:_identify(.) by extensions ['colcon_pkg']
[0.089s] Level 1:colcon.colcon_core.package_identification:_identify(.) by extension 'colcon_pkg'
[0.089s] Level 1:colcon.colcon_core.package_identification:_identify(.) by extensions ['colcon_meta']
[0.090s] Level 1:colcon.colcon_core.package_identification:_identify(.) by extension 'colcon_meta'
[0.090s] Level 1:colcon.colcon_core.package_identification:_identify(.) by extensions ['ros']
[0.090s] Level 1:colcon.colcon_core.package_identification:_identify(.) by extension 'ros'
[0.097s] DEBUG:colcon.colcon_core.package_identification:Package '.' with type 'ros.ament_cmake' and name 'vesc_controller'
[0.097s] Level 1:colcon.colcon_core.package_discovery:discover_packages(recursive) using defaults
[0.097s] Level 1:colcon.colcon_core.package_discovery:discover_packages(ignore) discover
[0.097s] Level 1:colcon.colcon_core.package_discovery:discover_packages(ignore) using defaults
[0.097s] Level 1:colcon.colcon_core.package_discovery:discover_packages(path) discover
[0.097s] Level 1:colcon.colcon_core.package_discovery:discover_packages(path) using defaults
[0.113s] Level 1:colcon.colcon_core.package_discovery:discover_packages(prefix_path) check parameters
[0.113s] Level 1:colcon.colcon_core.package_discovery:discover_packages(prefix_path) discover
[0.115s] DEBUG:colcon.colcon_installed_package_information.package_discovery:Found 272 installed packages in /opt/ros/foxy
[0.115s] Level 1:colcon.colcon_core.package_discovery:discover_packages(prefix_path) using defaults
[0.148s] Level 5:colcon.colcon_core.verb:set package 'vesc_controller' build argument 'cmake_args' from command line to 'None'
[0.148s] Level 5:colcon.colcon_core.verb:set package 'vesc_controller' build argument 'cmake_target' from command line to 'None'
[0.148s] Level 5:colcon.colcon_core.verb:set package 'vesc_controller' build argument 'cmake_target_skip_unavailable' from command line to 'False'
[0.148s] Level 5:colcon.colcon_core.verb:set package 'vesc_controller' build argument 'cmake_clean_cache' from command line to 'False'
[0.148s] Level 5:colcon.colcon_core.verb:set package 'vesc_controller' build argument 'cmake_clean_first' from command line to 'False'
[0.148s] Level 5:colcon.colcon_core.verb:set package 'vesc_controller' build argument 'cmake_force_configure' from command line to 'False'
[0.148s] Level 5:colcon.colcon_core.verb:set package 'vesc_controller' build argument 'ament_cmake_args' from command line to 'None'
[0.148s] Level 5:colcon.colcon_core.verb:set package 'vesc_controller' build argument 'catkin_cmake_args' from command line to 'None'
[0.148s] Level 5:colcon.colcon_core.verb:set package 'vesc_controller' build argument 'catkin_skip_building_tests' from command line to 'False'
[0.148s] DEBUG:colcon.colcon_core.verb:Building package 'vesc_controller' with the following arguments: {'ament_cmake_args': None, 'build_base': '/home/tjddus/min/minicar_controller/vesc_controller/build/vesc_controller', 'catkin_cmake_args': None, 'catkin_skip_building_tests': False, 'cmake_args': None, 'cmake_clean_cache': False, 'cmake_clean_first': False, 'cmake_force_configure': False, 'cmake_target': None, 'cmake_target_skip_unavailable': False, 'install_base': '/home/tjddus/min/minicar_controller/vesc_controller/install/vesc_controller', 'merge_install': False, 'path': '/home/tjddus/min/minicar_controller/vesc_controller', 'symlink_install': False, 'test_result_base': None}
[0.148s] INFO:colcon.colcon_core.executor:Executing jobs using 'parallel' executor
[0.151s] DEBUG:colcon.colcon_parallel_executor.executor.parallel:run_until_complete
[0.151s] INFO:colcon.colcon_ros.task.ament_cmake.build:Building ROS package in '/home/tjddus/min/minicar_controller/vesc_controller' with build type 'ament_cmake'
[0.151s] INFO:colcon.colcon_cmake.task.cmake.build:Building CMake package in '/home/tjddus/min/minicar_controller/vesc_controller'
[0.153s] INFO:colcon.colcon_core.plugin_system:Skipping extension 'colcon_core.shell.bat': Not used on non-Windows systems
[0.153s] INFO:colcon.colcon_core.shell:Skip shell extension 'powershell' for command environment: Not usable outside of PowerShell
[0.153s] DEBUG:colcon.colcon_core.shell:Skip shell extension 'dsv' for command environment
[0.160s] DEBUG:colcon.colcon_core.event_handler.log_command:Invoking command in '/home/tjddus/min/minicar_controller/vesc_controller/build/vesc_controller': CMAKE_PREFIX_PATH=/opt/ros/foxy /usr/bin/cmake --build /home/tjddus/min/minicar_controller/vesc_controller/build/vesc_controller -- -j20 -l20
[2.754s] DEBUG:colcon.colcon_core.event_handler.log_command:Invoked command in '/home/tjddus/min/minicar_controller/vesc_controller/build/vesc_controller' returned '0': CMAKE_PREFIX_PATH=/opt/ros/foxy /usr/bin/cmake --build /home/tjddus/min/minicar_controller/vesc_controller/build/vesc_controller -- -j20 -l20
[2.775s] DEBUG:colcon.colcon_core.event_handler.log_command:Invoking command in '/home/tjddus/min/minicar_controller/vesc_controller/build/vesc_controller': CMAKE_PREFIX_PATH=/opt/ros/foxy /usr/bin/cmake --install /home/tjddus/min/minicar_controller/vesc_controller/build/vesc_controller
[2.784s] Level 1:colcon.colcon_core.environment:create_environment_scripts_only(vesc_controller)
[2.784s] DEBUG:colcon.colcon_core.event_handler.log_command:Invoked command in '/home/tjddus/min/minicar_controller/vesc_controller/build/vesc_controller' returned '0': CMAKE_PREFIX_PATH=/opt/ros/foxy /usr/bin/cmake --install /home/tjddus/min/minicar_controller/vesc_controller/build/vesc_controller
[2.787s] Level 1:colcon.colcon_core.environment:checking '/home/tjddus/min/minicar_controller/vesc_controller/install/vesc_controller' for CMake module files
[2.787s] Level 1:colcon.colcon_core.environment:checking '/home/tjddus/min/minicar_controller/vesc_controller/install/vesc_controller' for CMake config files
[2.788s] Level 1:colcon.colcon_core.shell:create_environment_hook('vesc_controller', 'cmake_prefix_path')
[2.788s] INFO:colcon.colcon_core.shell:Creating environment hook '/home/tjddus/min/minicar_controller/vesc_controller/install/vesc_controller/share/vesc_controller/hook/cmake_prefix_path.ps1'
[2.789s] INFO:colcon.colcon_core.shell:Creating environment descriptor '/home/tjddus/min/minicar_controller/vesc_controller/install/vesc_controller/share/vesc_controller/hook/cmake_prefix_path.dsv'
[2.789s] INFO:colcon.colcon_core.shell:Creating environment hook '/home/tjddus/min/minicar_controller/vesc_controller/install/vesc_controller/share/vesc_controller/hook/cmake_prefix_path.sh'
[2.789s] Level 1:colcon.colcon_core.environment:checking '/home/tjddus/min/minicar_controller/vesc_controller/install/vesc_controller/lib'
[2.789s] Level 1:colcon.colcon_core.environment:checking '/home/tjddus/min/minicar_controller/vesc_controller/install/vesc_controller/bin'
[2.789s] Level 1:colcon.colcon_core.environment:checking '/home/tjddus/min/minicar_controller/vesc_controller/install/vesc_controller/lib/pkgconfig/vesc_controller.pc'
[2.790s] Level 1:colcon.colcon_core.environment:checking '/home/tjddus/min/minicar_controller/vesc_controller/install/vesc_controller/lib/python3.8/site-packages'
[2.790s] Level 1:colcon.colcon_core.environment:checking '/home/tjddus/min/minicar_controller/vesc_controller/install/vesc_controller/bin'
[2.790s] INFO:colcon.colcon_core.shell:Creating package script '/home/tjddus/min/minicar_controller/vesc_controller/install/vesc_controller/share/vesc_controller/package.ps1'
[2.791s] INFO:colcon.colcon_core.shell:Creating package descriptor '/home/tjddus/min/minicar_controller/vesc_controller/install/vesc_controller/share/vesc_controller/package.dsv'
[2.791s] INFO:colcon.colcon_core.shell:Creating package script '/home/tjddus/min/minicar_controller/vesc_controller/install/vesc_controller/share/vesc_controller/package.sh'
[2.792s] INFO:colcon.colcon_core.shell:Creating package script '/home/tjddus/min/minicar_controller/vesc_controller/install/vesc_controller/share/vesc_controller/package.bash'
[2.792s] INFO:colcon.colcon_core.shell:Creating package script '/home/tjddus/min/minicar_controller/vesc_controller/install/vesc_controller/share/vesc_controller/package.zsh'
[2.792s] Level 1:colcon.colcon_core.environment:create_file_with_runtime_dependencies(/home/tjddus/min/minicar_controller/vesc_controller/install/vesc_controller/share/colcon-core/packages/vesc_controller)
[2.809s] Level 1:colcon.colcon_core.environment:create_environment_scripts_only(vesc_controller)
[2.813s] Level 1:colcon.colcon_core.environment:checking '/home/tjddus/min/minicar_controller/vesc_controller/install/vesc_controller' for CMake module files
[2.814s] Level 1:colcon.colcon_core.environment:checking '/home/tjddus/min/minicar_controller/vesc_controller/install/vesc_controller' for CMake config files
[2.814s] Level 1:colcon.colcon_core.shell:create_environment_hook('vesc_controller', 'cmake_prefix_path')
[2.817s] INFO:colcon.colcon_core.shell:Creating environment hook '/home/tjddus/min/minicar_controller/vesc_controller/install/vesc_controller/share/vesc_controller/hook/cmake_prefix_path.ps1'
[2.817s] INFO:colcon.colcon_core.shell:Creating environment descriptor '/home/tjddus/min/minicar_controller/vesc_controller/install/vesc_controller/share/vesc_controller/hook/cmake_prefix_path.dsv'
[2.818s] INFO:colcon.colcon_core.shell:Creating environment hook '/home/tjddus/min/minicar_controller/vesc_controller/install/vesc_controller/share/vesc_controller/hook/cmake_prefix_path.sh'
[2.818s] Level 1:colcon.colcon_core.environment:checking '/home/tjddus/min/minicar_controller/vesc_controller/install/vesc_controller/lib'
[2.819s] Level 1:colcon.colcon_core.environment:checking '/home/tjddus/min/minicar_controller/vesc_controller/install/vesc_controller/bin'
[2.819s] Level 1:colcon.colcon_core.environment:checking '/home/tjddus/min/minicar_controller/vesc_controller/install/vesc_controller/lib/pkgconfig/vesc_controller.pc'
[2.819s] Level 1:colcon.colcon_core.environment:checking '/home/tjddus/min/minicar_controller/vesc_controller/install/vesc_controller/lib/python3.8/site-packages'
[2.819s] Level 1:colcon.colcon_core.environment:checking '/home/tjddus/min/minicar_controller/vesc_controller/install/vesc_controller/bin'
[2.821s] INFO:colcon.colcon_core.shell:Creating package script '/home/tjddus/min/minicar_controller/vesc_controller/install/vesc_controller/share/vesc_controller/package.ps1'
[2.821s] INFO:colcon.colcon_core.shell:Creating package descriptor '/home/tjddus/min/minicar_controller/vesc_controller/install/vesc_controller/share/vesc_controller/package.dsv'
[2.822s] INFO:colcon.colcon_core.shell:Creating package script '/home/tjddus/min/minicar_controller/vesc_controller/install/vesc_controller/share/vesc_controller/package.sh'
[2.822s] INFO:colcon.colcon_core.shell:Creating package script '/home/tjddus/min/minicar_controller/vesc_controller/install/vesc_controller/share/vesc_controller/package.bash'
[2.822s] INFO:colcon.colcon_core.shell:Creating package script '/home/tjddus/min/minicar_controller/vesc_controller/install/vesc_controller/share/vesc_controller/package.zsh'
[2.823s] Level 1:colcon.colcon_core.environment:create_file_with_runtime_dependencies(/home/tjddus/min/minicar_controller/vesc_controller/install/vesc_controller/share/colcon-core/packages/vesc_controller)
[2.823s] DEBUG:colcon.colcon_parallel_executor.executor.parallel:closing loop
[2.824s] DEBUG:colcon.colcon_parallel_executor.executor.parallel:loop closed
[2.824s] DEBUG:colcon.colcon_parallel_executor.executor.parallel:run_until_complete finished with '0'
[2.824s] DEBUG:colcon.colcon_core.event_reactor:joining thread
[2.828s] INFO:colcon.colcon_core.plugin_system:Skipping extension 'colcon_notification.desktop_notification.terminal_notifier': Not used on non-Darwin systems
[2.828s] INFO:colcon.colcon_core.plugin_system:Skipping extension 'colcon_notification.desktop_notification.win32': Not used on non-Windows systems
[2.828s] INFO:colcon.colcon_notification.desktop_notification:Sending desktop notification using 'notify2'
[2.853s] DEBUG:colcon.colcon_core.event_reactor:joined thread
[2.854s] INFO:colcon.colcon_core.shell:Creating prefix script '/home/tjddus/min/minicar_controller/vesc_controller/install/local_setup.ps1'
[2.855s] INFO:colcon.colcon_core.shell:Creating prefix util module '/home/tjddus/min/minicar_controller/vesc_controller/install/_local_setup_util_ps1.py'
[2.856s] INFO:colcon.colcon_core.shell:Creating prefix chain script '/home/tjddus/min/minicar_controller/vesc_controller/install/setup.ps1'
[2.858s] INFO:colcon.colcon_core.shell:Creating prefix script '/home/tjddus/min/minicar_controller/vesc_controller/install/local_setup.sh'
[2.858s] INFO:colcon.colcon_core.shell:Creating prefix util module '/home/tjddus/min/minicar_controller/vesc_controller/install/_local_setup_util_sh.py'
[2.859s] INFO:colcon.colcon_core.shell:Creating prefix chain script '/home/tjddus/min/minicar_controller/vesc_controller/install/setup.sh'
[2.860s] INFO:colcon.colcon_core.shell:Creating prefix script '/home/tjddus/min/minicar_controller/vesc_controller/install/local_setup.bash'
[2.861s] INFO:colcon.colcon_core.shell:Creating prefix chain script '/home/tjddus/min/minicar_controller/vesc_controller/install/setup.bash'
[2.862s] INFO:colcon.colcon_core.shell:Creating prefix script '/home/tjddus/min/minicar_controller/vesc_controller/install/local_setup.zsh'
[2.863s] INFO:colcon.colcon_core.shell:Creating prefix chain script '/home/tjddus/min/minicar_controller/vesc_controller/install/setup.zsh'
