[0.012s] Invoking command in '/home/tjddus/min/minicar_controller/vesc_controller/build/vesc_controller': CMAKE_PREFIX_PATH=/opt/ros/foxy /usr/bin/cmake --build /home/tjddus/min/minicar_controller/vesc_controller/build/vesc_controller -- -j20 -l20
[0.049s] [35m[1mScanning dependencies of target VescController[0m
[0.067s] [ 25%] [32mBuilding CXX object CMakeFiles/VescController.dir/src/vesc_controller.cpp.o[0m
[0.837s] [01m[K/home/tjddus/min/minicar_controller/vesc_controller/src/vesc_controller.cpp:[m[K In member function ‘[01m[Kvoid VescController::SocketSetting()[m[K’:
[0.837s] [01m[K/home/tjddus/min/minicar_controller/vesc_controller/src/vesc_controller.cpp:19:17:[m[K [01;31m[Kerror: [m[K‘[01m[Kstruct sockaddr_in[m[K’ has no member named ‘[01m[Ksin[m[K’
[0.838s]    19 |     addr_server.[01;31m[Ksin[m[K.family = AF_INET;
[0.838s]       |                 [01;31m[K^~~[m[K
[0.839s] [01m[K/home/tjddus/min/minicar_controller/vesc_controller/src/vesc_controller.cpp:20:35:[m[K [01;31m[Kerror: [m[K‘[01m[Khton[m[K’ was not declared in this scope; did you mean ‘[01m[Khtons[m[K’?
[0.839s]    20 |     addr_server.sin_addr.s_addr = [01;31m[Khton[m[K(INADDR_ANY);
[0.839s]       |                                   [01;31m[K^~~~[m[K
[0.839s]       |                                   [32m[Khtons[m[K
[0.839s] [01m[K/home/tjddus/min/minicar_controller/vesc_controller/src/vesc_controller.cpp:21:17:[m[K [01;31m[Kerror: [m[K‘[01m[Kstruct sockaddr_in[m[K’ has no member named ‘[01m[Ksin[m[K’
[0.839s]    21 |     addr_server.[01;31m[Ksin[m[K.port = htons(atoi(port));
[0.839s]       |                 [01;31m[K^~~[m[K
[0.840s] [01m[K/home/tjddus/min/minicar_controller/vesc_controller/src/vesc_controller.cpp:31:51:[m[K [01;31m[Kerror: [m[K‘[01m[Ksizeif[m[K’ was not declared in this scope; did you mean ‘[01m[Ksize_t[m[K’?
[0.840s]    31 |     if(bind(server_sock, (sockaddr*)&addr_server, [01;31m[Ksizeif[m[K(addr_server)) == -1){
[0.840s]       |                                                   [01;31m[K^~~~~~[m[K
[0.840s]       |                                                   [32m[Ksize_t[m[K
[0.840s] [01m[K/home/tjddus/min/minicar_controller/vesc_controller/src/vesc_controller.cpp:45:46:[m[K [01;31m[Kerror: [m[Kexpected ‘[01m[K;[m[K’ before ‘[01m[Kclient_sock[m[K’
[0.840s]    45 |     addr_client_len = sizeof(addr_client_len)
[0.840s]       |                                              [01;31m[K^[m[K
[0.840s]       |                                              [32m[K;[m[K
[0.840s]    46 | 
[0.840s]    47 |     [32m[Kclient_sock[m[K = accept(server_sock, (sockaddr*) &addr_client, &addr_client_len);
[0.840s]       |     [32m[K~~~~~~~~~~~[m[K                               
[0.840s] [01m[K/home/tjddus/min/minicar_controller/vesc_controller/src/vesc_controller.cpp:[m[K In member function ‘[01m[Kvoid VescController::ReceiveKey()[m[K’:
[0.840s] [01m[K/home/tjddus/min/minicar_controller/vesc_controller/src/vesc_controller.cpp:62:18:[m[K [01;35m[Kwarning: [m[Kvalue computed is not used [[01;35m[K-Wunused-value[m[K]
[0.840s]    62 |         [01;35m[Kread_chk == read(client_sock, r_buff, 1)[m[K;
[0.840s]       |         [01;35m[K~~~~~~~~~^~~~~~~~~~~~~~~~~~~~~~~~~~~~~~~[m[K
[1.039s] make[2]: *** [CMakeFiles/VescController.dir/build.make:63: CMakeFiles/VescController.dir/src/vesc_controller.cpp.o] Error 1
[1.039s] make[1]: *** [CMakeFiles/Makefile2:107: CMakeFiles/VescController.dir/all] Error 2
[1.039s] make: *** [Makefile:141: all] Error 2
[1.042s] Invoked command in '/home/tjddus/min/minicar_controller/vesc_controller/build/vesc_controller' returned '2': CMAKE_PREFIX_PATH=/opt/ros/foxy /usr/bin/cmake --build /home/tjddus/min/minicar_controller/vesc_controller/build/vesc_controller -- -j20 -l20
