[0.008s] Invoking command in '/home/tjddus/min/minicar_controller/kbd_reader/build/kbd_reader': CMAKE_PREFIX_PATH=/opt/ros/foxy /usr/bin/cmake --build /home/tjddus/min/minicar_controller/kbd_reader/build/kbd_reader -- -j20 -l20
[0.033s] [35m[1mScanning dependencies of target KbdReader[0m
[0.046s] [ 25%] [32mBuilding CXX object CMakeFiles/KbdReader.dir/src/kbd_reader.cpp.o[0m
[0.689s] [01m[K/home/tjddus/min/minicar_controller/kbd_reader/src/kbd_reader.cpp:[m[K In constructor ‘[01m[KKbdReader::KbdReader(std::shared_ptr<rclcpp::Node>, char*, char*, termios*, termios*)[m[K’:
[0.689s] [01m[K/home/tjddus/min/minicar_controller/kbd_reader/src/kbd_reader.cpp:34:18:[m[K [01;31m[Kerror: [m[K‘[01m[Kooked[m[K’ was not declared in this scope; did you mean ‘[01m[Kcooked[m[K’?
[0.689s]    34 |     memcpy(raw, &[01;31m[Kooked[m[K, sizeof(struct termios));
[0.689s]       |                  [01;31m[K^~~~~[m[K
[0.689s]       |                  [32m[Kcooked[m[K
[0.690s] [01m[K/home/tjddus/min/minicar_controller/kbd_reader/src/kbd_reader.cpp:35:9:[m[K [01;31m[Kerror: [m[Krequest for member ‘[01m[Kc_lflag[m[K’ in ‘[01m[Kraw[m[K’, which is of pointer type ‘[01m[Ktermios*[m[K’ (maybe you meant to use ‘[01m[K->[m[K’ ?)
[0.690s]    35 |     raw.[01;31m[Kc_lflag[m[K &=~ (ICANON | ECHO);
[0.690s]       |         [01;31m[K^~~~~~~[m[K
[0.690s] [01m[K/home/tjddus/min/minicar_controller/kbd_reader/src/kbd_reader.cpp:37:9:[m[K [01;31m[Kerror: [m[Krequest for member ‘[01m[Kc_cc[m[K’ in ‘[01m[Kraw[m[K’, which is of pointer type ‘[01m[Ktermios*[m[K’ (maybe you meant to use ‘[01m[K->[m[K’ ?)
[0.690s]    37 |     raw.[01;31m[Kc_cc[m[K[VEOL] = 1;
[0.690s]       |         [01;31m[K^~~~[m[K
[0.690s] [01m[K/home/tjddus/min/minicar_controller/kbd_reader/src/kbd_reader.cpp:38:9:[m[K [01;31m[Kerror: [m[Krequest for member ‘[01m[Kc_cc[m[K’ in ‘[01m[Kraw[m[K’, which is of pointer type ‘[01m[Ktermios*[m[K’ (maybe you meant to use ‘[01m[K->[m[K’ ?)
[0.690s]    38 |     raw.[01;31m[Kc_cc[m[K[VEOF] = 2;
[0.690s]       |         [01;31m[K^~~~[m[K
[0.862s] make[2]: *** [CMakeFiles/KbdReader.dir/build.make:63: CMakeFiles/KbdReader.dir/src/kbd_reader.cpp.o] Error 1
[0.862s] make[1]: *** [CMakeFiles/Makefile2:134: CMakeFiles/KbdReader.dir/all] Error 2
[0.863s] make: *** [Makefile:141: all] Error 2
[0.864s] Invoked command in '/home/tjddus/min/minicar_controller/kbd_reader/build/kbd_reader' returned '2': CMAKE_PREFIX_PATH=/opt/ros/foxy /usr/bin/cmake --build /home/tjddus/min/minicar_controller/kbd_reader/build/kbd_reader -- -j20 -l20
