[0.008s] Invoking command in '/home/tjddus/min/minicar_controller/kbd_reader/build/kbd_reader': CMAKE_PREFIX_PATH=/opt/ros/foxy /usr/bin/cmake /home/tjddus/min/minicar_controller/kbd_reader -DCMAKE_INSTALL_PREFIX=/home/tjddus/min/minicar_controller/kbd_reader/install/kbd_reader
[0.076s] -- The C compiler identification is GNU 9.4.0
[0.118s] -- The CXX compiler identification is GNU 9.4.0
[0.122s] -- Check for working C compiler: /usr/bin/cc
[0.166s] -- Check for working C compiler: /usr/bin/cc -- works
[0.168s] -- Detecting C compiler ABI info
[0.215s] -- Detecting C compiler ABI info - done
[0.223s] -- Detecting C compile features
[0.223s] -- Detecting C compile features - done
[0.225s] -- Check for working CXX compiler: /usr/bin/c++
[0.278s] -- Check for working CXX compiler: /usr/bin/c++ -- works
[0.278s] -- Detecting CXX compiler ABI info
[0.334s] -- Detecting CXX compiler ABI info - done
[0.341s] -- Detecting CXX compile features
[0.341s] -- Detecting CXX compile features - done
[0.344s] -- Found ament_cmake: 0.9.9 (/opt/ros/foxy/share/ament_cmake/cmake)
[0.360s] -- Found PythonInterp: /usr/bin/python3 (found suitable version "3.8.10", minimum required is "3") 
[0.360s] -- Using PYTHON_EXECUTABLE: /usr/bin/python3
[0.459s] -- Found ament_cmake_auto: 0.9.9 (/opt/ros/foxy/share/ament_cmake_auto/cmake)
[0.461s] -- Found rclcpp: 2.4.1 (/opt/ros/foxy/share/rclcpp/cmake)
[0.490s] -- Using all available rosidl_typesupport_c: rosidl_typesupport_fastrtps_c;rosidl_typesupport_introspection_c
[0.494s] -- Found rosidl_adapter: 1.2.1 (/opt/ros/foxy/share/rosidl_adapter/cmake)
[0.541s] -- Found OpenSSL: /usr/lib/x86_64-linux-gnu/libcrypto.so (found version "1.1.1f")  
[0.558s] -- Found FastRTPS: /opt/ros/foxy/include  
[0.604s] -- Using all available rosidl_typesupport_cpp: rosidl_typesupport_fastrtps_cpp;rosidl_typesupport_introspection_cpp
[0.641s] -- Found rmw_implementation_cmake: 1.0.3 (/opt/ros/foxy/share/rmw_implementation_cmake/cmake)
[0.642s] -- Using RMW implementation 'rmw_fastrtps_cpp' as default
[0.643s] -- Looking for pthread.h
[0.685s] -- Looking for pthread.h - found
[0.685s] -- Performing Test CMAKE_HAVE_LIBC_PTHREAD
[0.731s] -- Performing Test CMAKE_HAVE_LIBC_PTHREAD - Failed
[0.731s] -- Looking for pthread_create in pthreads
[0.807s] -- Looking for pthread_create in pthreads - not found
[0.808s] -- Looking for pthread_create in pthread
[0.886s] -- Looking for pthread_create in pthread - found
[0.887s] -- Found Threads: TRUE  
[1.020s] -- Configuring done
[1.026s] -- Generating done
[1.026s] -- Build files have been written to: /home/tjddus/min/minicar_controller/kbd_reader/build/kbd_reader
[1.032s] Invoked command in '/home/tjddus/min/minicar_controller/kbd_reader/build/kbd_reader' returned '0': CMAKE_PREFIX_PATH=/opt/ros/foxy /usr/bin/cmake /home/tjddus/min/minicar_controller/kbd_reader -DCMAKE_INSTALL_PREFIX=/home/tjddus/min/minicar_controller/kbd_reader/install/kbd_reader
[1.033s] Invoking command in '/home/tjddus/min/minicar_controller/kbd_reader/build/kbd_reader': CMAKE_PREFIX_PATH=/opt/ros/foxy /usr/bin/cmake --build /home/tjddus/min/minicar_controller/kbd_reader/build/kbd_reader -- -j20 -l20
[1.060s] [35m[1mScanning dependencies of target KbdReader[0m
[1.079s] [ 25%] [32mBuilding CXX object CMakeFiles/KbdReader.dir/src/kbd_reader.cpp.o[0m
[1.732s] [01m[K/home/tjddus/min/minicar_controller/kbd_reader/src/kbd_reader.cpp:[m[K In member function ‘[01m[Kvoid KbdReader::key_sending(char)[m[K’:
[1.732s] [01m[K/home/tjddus/min/minicar_controller/kbd_reader/src/kbd_reader.cpp:98:9:[m[K [01;35m[Kwarning: [m[Kvariable ‘[01m[Kwrite_check[m[K’ set but not used [[01;35m[K-Wunused-but-set-variable[m[K]
[1.732s]    98 |     int [01;35m[Kwrite_check[m[K = 0;
[1.732s]       |         [01;35m[K^~~~~~~~~~~[m[K
[1.923s] [ 50%] [32m[1mLinking CXX shared library libKbdReader.so[0m
[1.967s] [ 50%] Built target KbdReader
[1.973s] [35m[1mScanning dependencies of target KbdReader_node[0m
[1.991s] [ 75%] [32mBuilding CXX object CMakeFiles/KbdReader_node.dir/src/kbd_reader_node.cpp.o[0m
[2.584s] [01m[K/home/tjddus/min/minicar_controller/kbd_reader/src/kbd_reader_node.cpp:[m[K In function ‘[01m[Kvoid quit(int)[m[K’:
[2.585s] [01m[K/home/tjddus/min/minicar_controller/kbd_reader/src/kbd_reader_node.cpp:9:15:[m[K [01;35m[Kwarning: [m[Kunused parameter ‘[01m[Ksig[m[K’ [[01;35m[K-Wunused-parameter[m[K]
[2.585s]     9 | void quit([01;35m[Kint sig[m[K)
[2.585s]       |           [01;35m[K~~~~^~~[m[K
[2.813s] [100%] [32m[1mLinking CXX executable KbdReader_node[0m
[2.874s] [100%] Built target KbdReader_node
[2.881s] Invoked command in '/home/tjddus/min/minicar_controller/kbd_reader/build/kbd_reader' returned '0': CMAKE_PREFIX_PATH=/opt/ros/foxy /usr/bin/cmake --build /home/tjddus/min/minicar_controller/kbd_reader/build/kbd_reader -- -j20 -l20
[2.902s] Invoking command in '/home/tjddus/min/minicar_controller/kbd_reader/build/kbd_reader': CMAKE_PREFIX_PATH=/opt/ros/foxy /usr/bin/cmake --install /home/tjddus/min/minicar_controller/kbd_reader/build/kbd_reader
[2.906s] -- Install configuration: ""
[2.906s] -- Installing: /home/tjddus/min/minicar_controller/kbd_reader/install/kbd_reader/lib/kbd_reader/libKbdReader.so
[2.906s] -- Set runtime path of "/home/tjddus/min/minicar_controller/kbd_reader/install/kbd_reader/lib/kbd_reader/libKbdReader.so" to ""
[2.906s] -- Installing: /home/tjddus/min/minicar_controller/kbd_reader/install/kbd_reader/lib/kbd_reader/KbdReader_node
[2.906s] -- Set runtime path of "/home/tjddus/min/minicar_controller/kbd_reader/install/kbd_reader/lib/kbd_reader/KbdReader_node" to ""
[2.907s] -- Installing: /home/tjddus/min/minicar_controller/kbd_reader/install/kbd_reader/share/ament_index/resource_index/package_run_dependencies/kbd_reader
[2.907s] -- Installing: /home/tjddus/min/minicar_controller/kbd_reader/install/kbd_reader/share/ament_index/resource_index/parent_prefix_path/kbd_reader
[2.907s] -- Installing: /home/tjddus/min/minicar_controller/kbd_reader/install/kbd_reader/share/kbd_reader/environment/ament_prefix_path.sh
[2.907s] -- Installing: /home/tjddus/min/minicar_controller/kbd_reader/install/kbd_reader/share/kbd_reader/environment/ament_prefix_path.dsv
[2.907s] -- Installing: /home/tjddus/min/minicar_controller/kbd_reader/install/kbd_reader/share/kbd_reader/environment/path.sh
[2.907s] -- Installing: /home/tjddus/min/minicar_controller/kbd_reader/install/kbd_reader/share/kbd_reader/environment/path.dsv
[2.907s] -- Installing: /home/tjddus/min/minicar_controller/kbd_reader/install/kbd_reader/share/kbd_reader/local_setup.bash
[2.907s] -- Installing: /home/tjddus/min/minicar_controller/kbd_reader/install/kbd_reader/share/kbd_reader/local_setup.sh
[2.907s] -- Installing: /home/tjddus/min/minicar_controller/kbd_reader/install/kbd_reader/share/kbd_reader/local_setup.zsh
[2.907s] -- Installing: /home/tjddus/min/minicar_controller/kbd_reader/install/kbd_reader/share/kbd_reader/local_setup.dsv
[2.907s] -- Installing: /home/tjddus/min/minicar_controller/kbd_reader/install/kbd_reader/share/kbd_reader/package.dsv
[2.907s] -- Installing: /home/tjddus/min/minicar_controller/kbd_reader/install/kbd_reader/share/ament_index/resource_index/packages/kbd_reader
[2.907s] -- Installing: /home/tjddus/min/minicar_controller/kbd_reader/install/kbd_reader/share/kbd_reader/cmake/kbd_readerConfig.cmake
[2.907s] -- Installing: /home/tjddus/min/minicar_controller/kbd_reader/install/kbd_reader/share/kbd_reader/cmake/kbd_readerConfig-version.cmake
[2.907s] -- Installing: /home/tjddus/min/minicar_controller/kbd_reader/install/kbd_reader/share/kbd_reader/package.xml
[2.908s] Invoked command in '/home/tjddus/min/minicar_controller/kbd_reader/build/kbd_reader' returned '0': CMAKE_PREFIX_PATH=/opt/ros/foxy /usr/bin/cmake --install /home/tjddus/min/minicar_controller/kbd_reader/build/kbd_reader
