[0.010s] Invoking command in '/home/tjddus/min/minicar_controller/vesc_controller/build/vesc_controller': CMAKE_PREFIX_PATH=/opt/ros/foxy /usr/bin/cmake --build /home/tjddus/min/minicar_controller/vesc_controller/build/vesc_controller -- -j20 -l20
[0.040s] [35m[1mScanning dependencies of target VescController[0m
[0.055s] [ 25%] [32mBuilding CXX object CMakeFiles/VescController.dir/src/vesc_controller.cpp.o[0m
[0.718s] [01m[K/home/tjddus/min/minicar_controller/vesc_controller/src/vesc_controller.cpp:11:31:[m[K [01;31m[Kerror: [m[KISO C++ forbids declaration of ‘[01m[KSettingSocket[m[K’ with no type [[01;31m[K-fpermissive[m[K]
[0.718s]    11 | VescController::SettingSocket([01;31m[K)[m[K
[0.718s]       |                               [01;31m[K^[m[K
[0.718s] [01m[K/home/tjddus/min/minicar_controller/vesc_controller/src/vesc_controller.cpp:11:1:[m[K [01;31m[Kerror: [m[Kno declaration matches ‘[01m[Kint VescController::SettingSocket()[m[K’
[0.718s]    11 | [01;31m[KVescController[m[K::SettingSocket()
[0.718s]       | [01;31m[K^~~~~~~~~~~~~~[m[K
[0.719s] In file included from [01m[K/home/tjddus/min/minicar_controller/vesc_controller/src/vesc_controller.cpp:1[m[K:
[0.719s] [01m[K/home/tjddus/min/minicar_controller/vesc_controller/include/vesc_controller/vesc_controller.hpp:39:14:[m[K [01;36m[Knote: [m[Kcandidate is: ‘[01m[Kvoid VescController::SettingSocket()[m[K’
[0.719s]    39 |         void [01;36m[KSettingSocket[m[K();
[0.719s]       |              [01;36m[K^~~~~~~~~~~~~[m[K
[0.719s] [01m[K/home/tjddus/min/minicar_controller/vesc_controller/include/vesc_controller/vesc_controller.hpp:24:7:[m[K [01;36m[Knote: [m[K‘[01m[Kclass VescController[m[K’ defined here
[0.719s]    24 | class [01;36m[KVescController[m[K : public rclcpp::Node
[0.719s]       |       [01;36m[K^~~~~~~~~~~~~~[m[K
[0.719s] [01m[K/home/tjddus/min/minicar_controller/vesc_controller/src/vesc_controller.cpp:52:28:[m[K [01;31m[Kerror: [m[KISO C++ forbids declaration of ‘[01m[KReceiveKey[m[K’ with no type [[01;31m[K-fpermissive[m[K]
[0.719s]    52 | VescController::ReceiveKey([01;31m[K)[m[K
[0.719s]       |                            [01;31m[K^[m[K
[0.719s] [01m[K/home/tjddus/min/minicar_controller/vesc_controller/src/vesc_controller.cpp:52:1:[m[K [01;31m[Kerror: [m[Kno declaration matches ‘[01m[Kint VescController::ReceiveKey()[m[K’
[0.719s]    52 | [01;31m[KVescController[m[K::ReceiveKey()
[0.719s]       | [01;31m[K^~~~~~~~~~~~~~[m[K
[0.719s] In file included from [01m[K/home/tjddus/min/minicar_controller/vesc_controller/src/vesc_controller.cpp:1[m[K:
[0.719s] [01m[K/home/tjddus/min/minicar_controller/vesc_controller/include/vesc_controller/vesc_controller.hpp:40:14:[m[K [01;36m[Knote: [m[Kcandidate is: ‘[01m[Kvoid VescController::ReceiveKey()[m[K’
[0.719s]    40 |         void [01;36m[KReceiveKey[m[K();
[0.719s]       |              [01;36m[K^~~~~~~~~~[m[K
[0.719s] [01m[K/home/tjddus/min/minicar_controller/vesc_controller/include/vesc_controller/vesc_controller.hpp:24:7:[m[K [01;36m[Knote: [m[K‘[01m[Kclass VescController[m[K’ defined here
[0.719s]    24 | class [01;36m[KVescController[m[K : public rclcpp::Node
[0.719s]       |       [01;36m[K^~~~~~~~~~~~~~[m[K
[0.899s] make[2]: *** [CMakeFiles/VescController.dir/build.make:63: CMakeFiles/VescController.dir/src/vesc_controller.cpp.o] Error 1
[0.899s] make[1]: *** [CMakeFiles/Makefile2:107: CMakeFiles/VescController.dir/all] Error 2
[0.899s] make: *** [Makefile:141: all] Error 2
[0.902s] Invoked command in '/home/tjddus/min/minicar_controller/vesc_controller/build/vesc_controller' returned '2': CMAKE_PREFIX_PATH=/opt/ros/foxy /usr/bin/cmake --build /home/tjddus/min/minicar_controller/vesc_controller/build/vesc_controller -- -j20 -l20
