[0.009s] Invoking command in '/home/tjddus/min/minicar_controller/kbd_reader/build/kbd_reader': CMAKE_PREFIX_PATH=/opt/ros/foxy /usr/bin/cmake /home/tjddus/min/minicar_controller/kbd_reader -DCMAKE_INSTALL_PREFIX=/home/tjddus/min/minicar_controller/kbd_reader/install/kbd_reader
[0.070s] -- The C compiler identification is GNU 9.4.0
[0.127s] -- The CXX compiler identification is GNU 9.4.0
[0.131s] -- Check for working C compiler: /usr/bin/cc
[0.191s] -- Check for working C compiler: /usr/bin/cc -- works
[0.192s] -- Detecting C compiler ABI info
[0.239s] -- Detecting C compiler ABI info - done
[0.249s] -- Detecting C compile features
[0.249s] -- Detecting C compile features - done
[0.251s] -- Check for working CXX compiler: /usr/bin/c++
[0.296s] -- Check for working CXX compiler: /usr/bin/c++ -- works
[0.297s] -- Detecting CXX compiler ABI info
[0.380s] -- Detecting CXX compiler ABI info - done
[0.387s] -- Detecting CXX compile features
[0.388s] -- Detecting CXX compile features - done
[0.390s] -- Found ament_cmake: 0.9.9 (/opt/ros/foxy/share/ament_cmake/cmake)
[0.416s] -- Found PythonInterp: /usr/bin/python3 (found suitable version "3.8.10", minimum required is "3") 
[0.417s] -- Using PYTHON_EXECUTABLE: /usr/bin/python3
[0.534s] -- Found ament_cmake_auto: 0.9.9 (/opt/ros/foxy/share/ament_cmake_auto/cmake)
[0.540s] CMake Error at CMakeLists.txt:11 (find_package):
[0.540s]   By not providing "Findrclcpp_interfaces.cmake" in CMAKE_MODULE_PATH this
[0.540s]   project has asked CMake to find a package configuration file provided by
[0.540s]   "rclcpp_interfaces", but CMake did not find one.
[0.540s] 
[0.540s]   Could not find a package configuration file provided by "rclcpp_interfaces"
[0.540s]   with any of the following names:
[0.540s] 
[0.540s]     rclcpp_interfacesConfig.cmake
[0.540s]     rclcpp_interfaces-config.cmake
[0.540s] 
[0.540s]   Add the installation prefix of "rclcpp_interfaces" to CMAKE_PREFIX_PATH or
[0.540s]   set "rclcpp_interfaces_DIR" to a directory containing one of the above
[0.540s]   files.  If "rclcpp_interfaces" provides a separate development package or
[0.540s]   SDK, be sure it has been installed.
[0.540s] 
[0.540s] 
[0.540s] -- Configuring incomplete, errors occurred!
[0.540s] See also "/home/tjddus/min/minicar_controller/kbd_reader/build/kbd_reader/CMakeFiles/CMakeOutput.log".
[0.542s] Invoked command in '/home/tjddus/min/minicar_controller/kbd_reader/build/kbd_reader' returned '1': CMAKE_PREFIX_PATH=/opt/ros/foxy /usr/bin/cmake /home/tjddus/min/minicar_controller/kbd_reader -DCMAKE_INSTALL_PREFIX=/home/tjddus/min/minicar_controller/kbd_reader/install/kbd_reader
