[ 50%] Built target KbdReader
[35m[1mScanning dependencies of target KbdReader_node[0m
[ 75%] [32mBuilding CXX object CMakeFiles/KbdReader_node.dir/src/kbd_reader_node.cpp.o[0m
[01m[K/home/tjddus/min/minicar_controller/kbd_reader/src/kbd_reader_node.cpp:[m[K In function ‘[01m[Kvoid quit(int)[m[K’:
[01m[K/home/tjddus/min/minicar_controller/kbd_reader/src/kbd_reader_node.cpp:9:15:[m[K [01;35m[Kwarning: [m[Kunused parameter ‘[01m[Ksig[m[K’ [[01;35m[K-Wunused-parameter[m[K]
    9 | void quit([01;35m[Kint sig[m[K)
      |           [01;35m[K~~~~^~~[m[K
[100%] [32m[1mLinking CXX executable KbdReader_node[0m
[100%] Built target KbdReader_node
-- Install configuration: ""
-- Up-to-date: /home/tjddus/min/minicar_controller/kbd_reader/install/kbd_reader/lib/kbd_reader/libKbdReader.so
-- Installing: /home/tjddus/min/minicar_controller/kbd_reader/install/kbd_reader/lib/kbd_reader/KbdReader_node
-- Set runtime path of "/home/tjddus/min/minicar_controller/kbd_reader/install/kbd_reader/lib/kbd_reader/KbdReader_node" to ""
-- Up-to-date: /home/tjddus/min/minicar_controller/kbd_reader/install/kbd_reader/share/ament_index/resource_index/package_run_dependencies/kbd_reader
-- Up-to-date: /home/tjddus/min/minicar_controller/kbd_reader/install/kbd_reader/share/ament_index/resource_index/parent_prefix_path/kbd_reader
-- Up-to-date: /home/tjddus/min/minicar_controller/kbd_reader/install/kbd_reader/share/kbd_reader/environment/ament_prefix_path.sh
-- Up-to-date: /home/tjddus/min/minicar_controller/kbd_reader/install/kbd_reader/share/kbd_reader/environment/ament_prefix_path.dsv
-- Up-to-date: /home/tjddus/min/minicar_controller/kbd_reader/install/kbd_reader/share/kbd_reader/environment/path.sh
-- Up-to-date: /home/tjddus/min/minicar_controller/kbd_reader/install/kbd_reader/share/kbd_reader/environment/path.dsv
-- Up-to-date: /home/tjddus/min/minicar_controller/kbd_reader/install/kbd_reader/share/kbd_reader/local_setup.bash
-- Up-to-date: /home/tjddus/min/minicar_controller/kbd_reader/install/kbd_reader/share/kbd_reader/local_setup.sh
-- Up-to-date: /home/tjddus/min/minicar_controller/kbd_reader/install/kbd_reader/share/kbd_reader/local_setup.zsh
-- Up-to-date: /home/tjddus/min/minicar_controller/kbd_reader/install/kbd_reader/share/kbd_reader/local_setup.dsv
-- Installing: /home/tjddus/min/minicar_controller/kbd_reader/install/kbd_reader/share/kbd_reader/package.dsv
-- Up-to-date: /home/tjddus/min/minicar_controller/kbd_reader/install/kbd_reader/share/ament_index/resource_index/packages/kbd_reader
-- Up-to-date: /home/tjddus/min/minicar_controller/kbd_reader/install/kbd_reader/share/kbd_reader/cmake/kbd_readerConfig.cmake
-- Up-to-date: /home/tjddus/min/minicar_controller/kbd_reader/install/kbd_reader/share/kbd_reader/cmake/kbd_readerConfig-version.cmake
-- Up-to-date: /home/tjddus/min/minicar_controller/kbd_reader/install/kbd_reader/share/kbd_reader/package.xml
