[0.100s] DEBUG:colcon:Command line arguments: ['/usr/bin/colcon', 'build']
[0.100s] DEBUG:colcon:Parsed command line arguments: Namespace(allow_overriding=[], ament_cmake_args=None, base_paths=['.'], build_base='build', catkin_cmake_args=None, catkin_skip_building_tests=False, cmake_args=None, cmake_clean_cache=False, cmake_clean_first=False, cmake_force_configure=False, cmake_target=None, cmake_target_skip_unavailable=False, continue_on_error=False, event_handlers=None, executor='parallel', ignore_user_meta=False, install_base='install', log_base=None, log_level=None, main=<bound method BuildVerb.main of <colcon_core.verb.build.BuildVerb object at 0x7f946afd9910>>, merge_install=False, metas=['./colcon.meta'], packages_above=None, packages_above_and_dependencies=None, packages_above_depth=None, packages_end=None, packages_ignore=None, packages_ignore_regex=None, packages_select=None, packages_select_build_failed=False, packages_select_by_dep=None, packages_select_regex=None, packages_select_test_failures=False, packages_skip=None, packages_skip_build_finished=False, packages_skip_by_dep=None, packages_skip_regex=None, packages_skip_test_passed=False, packages_skip_up_to=None, packages_start=None, packages_up_to=None, packages_up_to_regex=None, parallel_workers=20, paths=None, symlink_install=False, test_result_base=None, verb_extension=<colcon_core.verb.build.BuildVerb object at 0x7f946afd9910>, verb_name='build', verb_parser=<colcon_defaults.argument_parser.defaults.DefaultArgumentsDecorator object at 0x7f946afd9e80>)
[0.121s] Level 1:colcon.colcon_core.package_discovery:discover_packages(colcon_meta) check parameters
[0.121s] Level 1:colcon.colcon_core.package_discovery:discover_packages(recursive) check parameters
[0.121s] Level 1:colcon.colcon_core.package_discovery:discover_packages(ignore) check parameters
[0.121s] Level 1:colcon.colcon_core.package_discovery:discover_packages(path) check parameters
[0.121s] Level 1:colcon.colcon_core.package_discovery:discover_packages(colcon_meta) discover
[0.121s] Level 1:colcon.colcon_core.package_discovery:discover_packages(recursive) discover
[0.121s] INFO:colcon.colcon_core.package_discovery:Crawling recursively for packages in '/home/tjddus/min/minicar_controller/kbd_reader'
[0.121s] Level 1:colcon.colcon_core.package_identification:_identify(.) by extensions ['ignore', 'ignore_ament_install']
[0.121s] Level 1:colcon.colcon_core.package_identification:_identify(.) by extension 'ignore'
[0.121s] Level 1:colcon.colcon_core.package_identification:_identify(.) by extension 'ignore_ament_install'
[0.121s] Level 1:colcon.colcon_core.package_identification:_identify(.) by extensions ['colcon_pkg']
[0.121s] Level 1:colcon.colcon_core.package_identification:_identify(.) by extension 'colcon_pkg'
[0.121s] Level 1:colcon.colcon_core.package_identification:_identify(.) by extensions ['colcon_meta']
[0.122s] Level 1:colcon.colcon_core.package_identification:_identify(.) by extension 'colcon_meta'
[0.122s] Level 1:colcon.colcon_core.package_identification:_identify(.) by extensions ['ros']
[0.122s] Level 1:colcon.colcon_core.package_identification:_identify(.) by extension 'ros'
[0.129s] DEBUG:colcon.colcon_core.package_identification:Package '.' with type 'ros.ament_cmake' and name 'kbd_reader'
[0.129s] Level 1:colcon.colcon_core.package_discovery:discover_packages(recursive) using defaults
[0.129s] Level 1:colcon.colcon_core.package_discovery:discover_packages(ignore) discover
[0.129s] Level 1:colcon.colcon_core.package_discovery:discover_packages(ignore) using defaults
[0.129s] Level 1:colcon.colcon_core.package_discovery:discover_packages(path) discover
[0.129s] Level 1:colcon.colcon_core.package_discovery:discover_packages(path) using defaults
[0.147s] Level 1:colcon.colcon_core.package_discovery:discover_packages(prefix_path) check parameters
[0.147s] Level 1:colcon.colcon_core.package_discovery:discover_packages(prefix_path) discover
[0.149s] DEBUG:colcon.colcon_installed_package_information.package_discovery:Found 272 installed packages in /opt/ros/foxy
[0.150s] Level 1:colcon.colcon_core.package_discovery:discover_packages(prefix_path) using defaults
[0.187s] Level 5:colcon.colcon_core.verb:set package 'kbd_reader' build argument 'cmake_args' from command line to 'None'
[0.187s] Level 5:colcon.colcon_core.verb:set package 'kbd_reader' build argument 'cmake_target' from command line to 'None'
[0.187s] Level 5:colcon.colcon_core.verb:set package 'kbd_reader' build argument 'cmake_target_skip_unavailable' from command line to 'False'
[0.187s] Level 5:colcon.colcon_core.verb:set package 'kbd_reader' build argument 'cmake_clean_cache' from command line to 'False'
[0.187s] Level 5:colcon.colcon_core.verb:set package 'kbd_reader' build argument 'cmake_clean_first' from command line to 'False'
[0.187s] Level 5:colcon.colcon_core.verb:set package 'kbd_reader' build argument 'cmake_force_configure' from command line to 'False'
[0.187s] Level 5:colcon.colcon_core.verb:set package 'kbd_reader' build argument 'ament_cmake_args' from command line to 'None'
[0.187s] Level 5:colcon.colcon_core.verb:set package 'kbd_reader' build argument 'catkin_cmake_args' from command line to 'None'
[0.187s] Level 5:colcon.colcon_core.verb:set package 'kbd_reader' build argument 'catkin_skip_building_tests' from command line to 'False'
[0.187s] DEBUG:colcon.colcon_core.verb:Building package 'kbd_reader' with the following arguments: {'ament_cmake_args': None, 'build_base': '/home/tjddus/min/minicar_controller/kbd_reader/build/kbd_reader', 'catkin_cmake_args': None, 'catkin_skip_building_tests': False, 'cmake_args': None, 'cmake_clean_cache': False, 'cmake_clean_first': False, 'cmake_force_configure': False, 'cmake_target': None, 'cmake_target_skip_unavailable': False, 'install_base': '/home/tjddus/min/minicar_controller/kbd_reader/install/kbd_reader', 'merge_install': False, 'path': '/home/tjddus/min/minicar_controller/kbd_reader', 'symlink_install': False, 'test_result_base': None}
[0.187s] INFO:colcon.colcon_core.executor:Executing jobs using 'parallel' executor
[0.189s] DEBUG:colcon.colcon_parallel_executor.executor.parallel:run_until_complete
[0.189s] INFO:colcon.colcon_ros.task.ament_cmake.build:Building ROS package in '/home/tjddus/min/minicar_controller/kbd_reader' with build type 'ament_cmake'
[0.189s] INFO:colcon.colcon_cmake.task.cmake.build:Building CMake package in '/home/tjddus/min/minicar_controller/kbd_reader'
[0.193s] INFO:colcon.colcon_core.plugin_system:Skipping extension 'colcon_core.shell.bat': Not used on non-Windows systems
[0.193s] INFO:colcon.colcon_core.shell:Skip shell extension 'powershell' for command environment: Not usable outside of PowerShell
[0.193s] DEBUG:colcon.colcon_core.shell:Skip shell extension 'dsv' for command environment
[0.199s] DEBUG:colcon.colcon_core.event_handler.log_command:Invoking command in '/home/tjddus/min/minicar_controller/kbd_reader/build/kbd_reader': CMAKE_PREFIX_PATH=/opt/ros/foxy /usr/bin/cmake /home/tjddus/min/minicar_controller/kbd_reader -DCMAKE_INSTALL_PREFIX=/home/tjddus/min/minicar_controller/kbd_reader/install/kbd_reader
[0.732s] DEBUG:colcon.colcon_core.event_handler.log_command:Invoked command in '/home/tjddus/min/minicar_controller/kbd_reader/build/kbd_reader' returned '1': CMAKE_PREFIX_PATH=/opt/ros/foxy /usr/bin/cmake /home/tjddus/min/minicar_controller/kbd_reader -DCMAKE_INSTALL_PREFIX=/home/tjddus/min/minicar_controller/kbd_reader/install/kbd_reader
[0.740s] Level 1:colcon.colcon_core.environment:create_environment_scripts_only(kbd_reader)
[0.745s] Level 1:colcon.colcon_core.environment:checking '/home/tjddus/min/minicar_controller/kbd_reader/install/kbd_reader' for CMake module files
[0.745s] Level 1:colcon.colcon_core.environment:checking '/home/tjddus/min/minicar_controller/kbd_reader/install/kbd_reader' for CMake config files
[0.745s] Level 1:colcon.colcon_core.environment:checking '/home/tjddus/min/minicar_controller/kbd_reader/install/kbd_reader/bin'
[0.745s] Level 1:colcon.colcon_core.environment:checking '/home/tjddus/min/minicar_controller/kbd_reader/install/kbd_reader/lib/pkgconfig/kbd_reader.pc'
[0.745s] Level 1:colcon.colcon_core.environment:checking '/home/tjddus/min/minicar_controller/kbd_reader/install/kbd_reader/lib/python3.8/site-packages'
[0.745s] Level 1:colcon.colcon_core.environment:checking '/home/tjddus/min/minicar_controller/kbd_reader/install/kbd_reader/bin'
[0.746s] INFO:colcon.colcon_core.shell:Creating package script '/home/tjddus/min/minicar_controller/kbd_reader/install/kbd_reader/share/kbd_reader/package.ps1'
[0.747s] INFO:colcon.colcon_core.shell:Creating package descriptor '/home/tjddus/min/minicar_controller/kbd_reader/install/kbd_reader/share/kbd_reader/package.dsv'
[0.747s] INFO:colcon.colcon_core.shell:Creating package script '/home/tjddus/min/minicar_controller/kbd_reader/install/kbd_reader/share/kbd_reader/package.sh'
[0.747s] INFO:colcon.colcon_core.shell:Creating package script '/home/tjddus/min/minicar_controller/kbd_reader/install/kbd_reader/share/kbd_reader/package.bash'
[0.748s] INFO:colcon.colcon_core.shell:Creating package script '/home/tjddus/min/minicar_controller/kbd_reader/install/kbd_reader/share/kbd_reader/package.zsh'
[0.748s] Level 1:colcon.colcon_core.environment:create_file_with_runtime_dependencies(/home/tjddus/min/minicar_controller/kbd_reader/install/kbd_reader/share/colcon-core/packages/kbd_reader)
[0.759s] DEBUG:colcon.colcon_parallel_executor.executor.parallel:closing loop
[0.759s] DEBUG:colcon.colcon_parallel_executor.executor.parallel:loop closed
[0.759s] DEBUG:colcon.colcon_parallel_executor.executor.parallel:run_until_complete finished with '1'
[0.759s] DEBUG:colcon.colcon_core.event_reactor:joining thread
[0.763s] INFO:colcon.colcon_core.plugin_system:Skipping extension 'colcon_notification.desktop_notification.terminal_notifier': Not used on non-Darwin systems
[0.763s] INFO:colcon.colcon_core.plugin_system:Skipping extension 'colcon_notification.desktop_notification.win32': Not used on non-Windows systems
[0.763s] INFO:colcon.colcon_notification.desktop_notification:Sending desktop notification using 'notify2'
[0.787s] DEBUG:colcon.colcon_core.event_reactor:joined thread
[0.788s] INFO:colcon.colcon_core.shell:Creating prefix script '/home/tjddus/min/minicar_controller/kbd_reader/install/local_setup.ps1'
[0.789s] INFO:colcon.colcon_core.shell:Creating prefix util module '/home/tjddus/min/minicar_controller/kbd_reader/install/_local_setup_util_ps1.py'
[0.790s] INFO:colcon.colcon_core.shell:Creating prefix chain script '/home/tjddus/min/minicar_controller/kbd_reader/install/setup.ps1'
[0.790s] INFO:colcon.colcon_core.shell:Creating prefix script '/home/tjddus/min/minicar_controller/kbd_reader/install/local_setup.sh'
[0.791s] INFO:colcon.colcon_core.shell:Creating prefix util module '/home/tjddus/min/minicar_controller/kbd_reader/install/_local_setup_util_sh.py'
[0.791s] INFO:colcon.colcon_core.shell:Creating prefix chain script '/home/tjddus/min/minicar_controller/kbd_reader/install/setup.sh'
[0.792s] INFO:colcon.colcon_core.shell:Creating prefix script '/home/tjddus/min/minicar_controller/kbd_reader/install/local_setup.bash'
[0.792s] INFO:colcon.colcon_core.shell:Creating prefix chain script '/home/tjddus/min/minicar_controller/kbd_reader/install/setup.bash'
[0.792s] INFO:colcon.colcon_core.shell:Creating prefix script '/home/tjddus/min/minicar_controller/kbd_reader/install/local_setup.zsh'
[0.793s] INFO:colcon.colcon_core.shell:Creating prefix chain script '/home/tjddus/min/minicar_controller/kbd_reader/install/setup.zsh'
