[ 50%] Built target VescController
[35m[1mScanning dependencies of target VescController_node[0m
[ 75%] [32mBuilding CXX object CMakeFiles/VescController_node.dir/src/vesc_controller_node.cpp.o[0m
[100%] [32m[1mLinking CXX executable VescController_node[0m
[100%] Built target VescController_node
-- Install configuration: ""
-- Installing: /home/tjddus/min/minicar_controller/vesc_controller/install/vesc_controller/lib/vesc_controller/libVescController.so
-- Set runtime path of "/home/tjddus/min/minicar_controller/vesc_controller/install/vesc_controller/lib/vesc_controller/libVescController.so" to ""
-- Installing: /home/tjddus/min/minicar_controller/vesc_controller/install/vesc_controller/lib/vesc_controller/VescController_node
-- Set runtime path of "/home/tjddus/min/minicar_controller/vesc_controller/install/vesc_controller/lib/vesc_controller/VescController_node" to ""
-- Installing: /home/tjddus/min/minicar_controller/vesc_controller/install/vesc_controller/share/ament_index/resource_index/package_run_dependencies/vesc_controller
-- Installing: /home/tjddus/min/minicar_controller/vesc_controller/install/vesc_controller/share/ament_index/resource_index/parent_prefix_path/vesc_controller
-- Installing: /home/tjddus/min/minicar_controller/vesc_controller/install/vesc_controller/share/vesc_controller/environment/ament_prefix_path.sh
-- Installing: /home/tjddus/min/minicar_controller/vesc_controller/install/vesc_controller/share/vesc_controller/environment/ament_prefix_path.dsv
-- Installing: /home/tjddus/min/minicar_controller/vesc_controller/install/vesc_controller/share/vesc_controller/environment/path.sh
-- Installing: /home/tjddus/min/minicar_controller/vesc_controller/install/vesc_controller/share/vesc_controller/environment/path.dsv
-- Installing: /home/tjddus/min/minicar_controller/vesc_controller/install/vesc_controller/share/vesc_controller/local_setup.bash
-- Installing: /home/tjddus/min/minicar_controller/vesc_controller/install/vesc_controller/share/vesc_controller/local_setup.sh
-- Installing: /home/tjddus/min/minicar_controller/vesc_controller/install/vesc_controller/share/vesc_controller/local_setup.zsh
-- Installing: /home/tjddus/min/minicar_controller/vesc_controller/install/vesc_controller/share/vesc_controller/local_setup.dsv
-- Installing: /home/tjddus/min/minicar_controller/vesc_controller/install/vesc_controller/share/vesc_controller/package.dsv
-- Installing: /home/tjddus/min/minicar_controller/vesc_controller/install/vesc_controller/share/ament_index/resource_index/packages/vesc_controller
-- Installing: /home/tjddus/min/minicar_controller/vesc_controller/install/vesc_controller/share/vesc_controller/cmake/vesc_controllerConfig.cmake
-- Installing: /home/tjddus/min/minicar_controller/vesc_controller/install/vesc_controller/share/vesc_controller/cmake/vesc_controllerConfig-version.cmake
-- Installing: /home/tjddus/min/minicar_controller/vesc_controller/install/vesc_controller/share/vesc_controller/package.xml
