[0.009s] Invoking command in '/home/tjddus/min/minicar_controller/vesc_controller/build/vesc_controller': CMAKE_PREFIX_PATH=/opt/ros/foxy /usr/bin/cmake --build /home/tjddus/min/minicar_controller/vesc_controller/build/vesc_controller -- -j20 -l20
[0.041s] [ 50%] Built target VescController
[0.048s] [35m[1mScanning dependencies of target VescController_node[0m
[0.062s] [ 75%] [32mBuilding CXX object CMakeFiles/VescController_node.dir/src/vesc_controller_node.cpp.o[0m
[0.892s] [100%] [32m[1mLinking CXX executable VescController_node[0m
[0.956s] [100%] Built target VescController_node
[0.966s] Invoked command in '/home/tjddus/min/minicar_controller/vesc_controller/build/vesc_controller' returned '0': CMAKE_PREFIX_PATH=/opt/ros/foxy /usr/bin/cmake --build /home/tjddus/min/minicar_controller/vesc_controller/build/vesc_controller -- -j20 -l20
[0.987s] Invoking command in '/home/tjddus/min/minicar_controller/vesc_controller/build/vesc_controller': CMAKE_PREFIX_PATH=/opt/ros/foxy /usr/bin/cmake --install /home/tjddus/min/minicar_controller/vesc_controller/build/vesc_controller
[0.994s] -- Install configuration: ""
[0.994s] -- Installing: /home/tjddus/min/minicar_controller/vesc_controller/install/vesc_controller/lib/vesc_controller/libVescController.so
[0.994s] -- Set runtime path of "/home/tjddus/min/minicar_controller/vesc_controller/install/vesc_controller/lib/vesc_controller/libVescController.so" to ""
[0.994s] -- Installing: /home/tjddus/min/minicar_controller/vesc_controller/install/vesc_controller/lib/vesc_controller/VescController_node
[0.994s] -- Set runtime path of "/home/tjddus/min/minicar_controller/vesc_controller/install/vesc_controller/lib/vesc_controller/VescController_node" to ""
[0.994s] -- Installing: /home/tjddus/min/minicar_controller/vesc_controller/install/vesc_controller/share/ament_index/resource_index/package_run_dependencies/vesc_controller
[0.994s] -- Installing: /home/tjddus/min/minicar_controller/vesc_controller/install/vesc_controller/share/ament_index/resource_index/parent_prefix_path/vesc_controller
[0.994s] -- Installing: /home/tjddus/min/minicar_controller/vesc_controller/install/vesc_controller/share/vesc_controller/environment/ament_prefix_path.sh
[0.994s] -- Installing: /home/tjddus/min/minicar_controller/vesc_controller/install/vesc_controller/share/vesc_controller/environment/ament_prefix_path.dsv
[0.995s] -- Installing: /home/tjddus/min/minicar_controller/vesc_controller/install/vesc_controller/share/vesc_controller/environment/path.sh
[0.995s] -- Installing: /home/tjddus/min/minicar_controller/vesc_controller/install/vesc_controller/share/vesc_controller/environment/path.dsv
[0.995s] -- Installing: /home/tjddus/min/minicar_controller/vesc_controller/install/vesc_controller/share/vesc_controller/local_setup.bash
[0.995s] -- Installing: /home/tjddus/min/minicar_controller/vesc_controller/install/vesc_controller/share/vesc_controller/local_setup.sh
[0.995s] -- Installing: /home/tjddus/min/minicar_controller/vesc_controller/install/vesc_controller/share/vesc_controller/local_setup.zsh
[0.995s] -- Installing: /home/tjddus/min/minicar_controller/vesc_controller/install/vesc_controller/share/vesc_controller/local_setup.dsv
[0.995s] -- Installing: /home/tjddus/min/minicar_controller/vesc_controller/install/vesc_controller/share/vesc_controller/package.dsv
[0.995s] -- Installing: /home/tjddus/min/minicar_controller/vesc_controller/install/vesc_controller/share/ament_index/resource_index/packages/vesc_controller
[0.995s] -- Installing: /home/tjddus/min/minicar_controller/vesc_controller/install/vesc_controller/share/vesc_controller/cmake/vesc_controllerConfig.cmake
[0.995s] -- Installing: /home/tjddus/min/minicar_controller/vesc_controller/install/vesc_controller/share/vesc_controller/cmake/vesc_controllerConfig-version.cmake
[0.995s] -- Installing: /home/tjddus/min/minicar_controller/vesc_controller/install/vesc_controller/share/vesc_controller/package.xml
[0.996s] Invoked command in '/home/tjddus/min/minicar_controller/vesc_controller/build/vesc_controller' returned '0': CMAKE_PREFIX_PATH=/opt/ros/foxy /usr/bin/cmake --install /home/tjddus/min/minicar_controller/vesc_controller/build/vesc_controller
