[0.008s] Invoking command in '/home/tjddus/min/minicar_controller/kbd_reader/build/kbd_reader': CMAKE_PREFIX_PATH=/opt/ros/foxy /usr/bin/cmake --build /home/tjddus/min/minicar_controller/kbd_reader/build/kbd_reader -- -j20 -l20
[0.025s] -- Found ament_cmake: 0.9.9 (/opt/ros/foxy/share/ament_cmake/cmake)
[0.038s] -- Using PYTHON_EXECUTABLE: /usr/bin/python3
[0.130s] -- Found ament_cmake_auto: 0.9.9 (/opt/ros/foxy/share/ament_cmake_auto/cmake)
[0.131s] -- Found rclcpp: 2.4.1 (/opt/ros/foxy/share/rclcpp/cmake)
[0.155s] -- Using all available rosidl_typesupport_c: rosidl_typesupport_fastrtps_c;rosidl_typesupport_introspection_c
[0.157s] -- Found rosidl_adapter: 1.2.1 (/opt/ros/foxy/share/rosidl_adapter/cmake)
[0.221s] -- Using all available rosidl_typesupport_cpp: rosidl_typesupport_fastrtps_cpp;rosidl_typesupport_introspection_cpp
[0.248s] -- Found rmw_implementation_cmake: 1.0.3 (/opt/ros/foxy/share/rmw_implementation_cmake/cmake)
[0.248s] -- Using RMW implementation 'rmw_fastrtps_cpp' as default
[0.367s] -- Configuring done
[0.372s] -- Generating done
[0.373s] -- Build files have been written to: /home/tjddus/min/minicar_controller/kbd_reader/build/kbd_reader
[0.388s] [35m[1mScanning dependencies of target KbdReader[0m
[0.411s] [ 25%] [32mBuilding CXX object CMakeFiles/KbdReader.dir/src/kbd_reader.cpp.o[0m
[1.080s] [01m[K/home/tjddus/min/minicar_controller/kbd_reader/src/kbd_reader.cpp:[m[K In member function ‘[01m[Kvoid KbdReader::key_sending(char)[m[K’:
[1.080s] [01m[K/home/tjddus/min/minicar_controller/kbd_reader/src/kbd_reader.cpp:85:9:[m[K [01;35m[Kwarning: [m[Kvariable ‘[01m[Kwrite_check[m[K’ set but not used [[01;35m[K-Wunused-but-set-variable[m[K]
[1.080s]    85 |     int [01;35m[Kwrite_check[m[K = 0;
[1.080s]       |         [01;35m[K^~~~~~~~~~~[m[K
[1.274s] [ 50%] [32m[1mLinking CXX shared library libKbdReader.so[0m
[1.317s] [ 50%] Built target KbdReader
[1.323s] [35m[1mScanning dependencies of target KbdReader_node[0m
[1.351s] [ 75%] [32mBuilding CXX object CMakeFiles/KbdReader_node.dir/src/kbd_reader_node.cpp.o[0m
[2.175s] [100%] [32m[1mLinking CXX executable KbdReader_node[0m
[2.236s] [100%] Built target KbdReader_node
[2.247s] Invoked command in '/home/tjddus/min/minicar_controller/kbd_reader/build/kbd_reader' returned '0': CMAKE_PREFIX_PATH=/opt/ros/foxy /usr/bin/cmake --build /home/tjddus/min/minicar_controller/kbd_reader/build/kbd_reader -- -j20 -l20
[2.273s] Invoking command in '/home/tjddus/min/minicar_controller/kbd_reader/build/kbd_reader': CMAKE_PREFIX_PATH=/opt/ros/foxy /usr/bin/cmake --install /home/tjddus/min/minicar_controller/kbd_reader/build/kbd_reader
[2.278s] -- Install configuration: ""
[2.278s] -- Installing: /home/tjddus/min/minicar_controller/kbd_reader/install/kbd_reader/lib/kbd_reader/libKbdReader.so
[2.278s] -- Set runtime path of "/home/tjddus/min/minicar_controller/kbd_reader/install/kbd_reader/lib/kbd_reader/libKbdReader.so" to ""
[2.278s] -- Installing: /home/tjddus/min/minicar_controller/kbd_reader/install/kbd_reader/lib/kbd_reader/KbdReader_node
[2.278s] -- Set runtime path of "/home/tjddus/min/minicar_controller/kbd_reader/install/kbd_reader/lib/kbd_reader/KbdReader_node" to ""
[2.278s] -- Up-to-date: /home/tjddus/min/minicar_controller/kbd_reader/install/kbd_reader/share/ament_index/resource_index/package_run_dependencies/kbd_reader
[2.278s] -- Up-to-date: /home/tjddus/min/minicar_controller/kbd_reader/install/kbd_reader/share/ament_index/resource_index/parent_prefix_path/kbd_reader
[2.278s] -- Up-to-date: /home/tjddus/min/minicar_controller/kbd_reader/install/kbd_reader/share/kbd_reader/environment/ament_prefix_path.sh
[2.278s] -- Installing: /home/tjddus/min/minicar_controller/kbd_reader/install/kbd_reader/share/kbd_reader/environment/ament_prefix_path.dsv
[2.278s] -- Up-to-date: /home/tjddus/min/minicar_controller/kbd_reader/install/kbd_reader/share/kbd_reader/environment/path.sh
[2.279s] -- Installing: /home/tjddus/min/minicar_controller/kbd_reader/install/kbd_reader/share/kbd_reader/environment/path.dsv
[2.279s] -- Up-to-date: /home/tjddus/min/minicar_controller/kbd_reader/install/kbd_reader/share/kbd_reader/local_setup.bash
[2.279s] -- Up-to-date: /home/tjddus/min/minicar_controller/kbd_reader/install/kbd_reader/share/kbd_reader/local_setup.sh
[2.279s] -- Up-to-date: /home/tjddus/min/minicar_controller/kbd_reader/install/kbd_reader/share/kbd_reader/local_setup.zsh
[2.279s] -- Installing: /home/tjddus/min/minicar_controller/kbd_reader/install/kbd_reader/share/kbd_reader/local_setup.dsv
[2.279s] -- Installing: /home/tjddus/min/minicar_controller/kbd_reader/install/kbd_reader/share/kbd_reader/package.dsv
[2.279s] -- Up-to-date: /home/tjddus/min/minicar_controller/kbd_reader/install/kbd_reader/share/ament_index/resource_index/packages/kbd_reader
[2.279s] -- Up-to-date: /home/tjddus/min/minicar_controller/kbd_reader/install/kbd_reader/share/kbd_reader/cmake/kbd_readerConfig.cmake
[2.279s] -- Up-to-date: /home/tjddus/min/minicar_controller/kbd_reader/install/kbd_reader/share/kbd_reader/cmake/kbd_readerConfig-version.cmake
[2.279s] -- Up-to-date: /home/tjddus/min/minicar_controller/kbd_reader/install/kbd_reader/share/kbd_reader/package.xml
[2.281s] Invoked command in '/home/tjddus/min/minicar_controller/kbd_reader/build/kbd_reader' returned '0': CMAKE_PREFIX_PATH=/opt/ros/foxy /usr/bin/cmake --install /home/tjddus/min/minicar_controller/kbd_reader/build/kbd_reader
