[0.076s] DEBUG:colcon:Command line arguments: ['/usr/bin/colcon', 'build']
[0.076s] DEBUG:colcon:Parsed command line arguments: Namespace(allow_overriding=[], ament_cmake_args=None, base_paths=['.'], build_base='build', catkin_cmake_args=None, catkin_skip_building_tests=False, cmake_args=None, cmake_clean_cache=False, cmake_clean_first=False, cmake_force_configure=False, cmake_target=None, cmake_target_skip_unavailable=False, continue_on_error=False, event_handlers=None, executor='parallel', ignore_user_meta=False, install_base='install', log_base=None, log_level=None, main=<bound method BuildVerb.main of <colcon_core.verb.build.BuildVerb object at 0x7f2f8045b850>>, merge_install=False, metas=['./colcon.meta'], packages_above=None, packages_above_and_dependencies=None, packages_above_depth=None, packages_end=None, packages_ignore=None, packages_ignore_regex=None, packages_select=None, packages_select_build_failed=False, packages_select_by_dep=None, packages_select_regex=None, packages_select_test_failures=False, packages_skip=None, packages_skip_build_finished=False, packages_skip_by_dep=None, packages_skip_regex=None, packages_skip_test_passed=False, packages_skip_up_to=None, packages_start=None, packages_up_to=None, packages_up_to_regex=None, parallel_workers=20, paths=None, symlink_install=False, test_result_base=None, verb_extension=<colcon_core.verb.build.BuildVerb object at 0x7f2f8045b850>, verb_name='build', verb_parser=<colcon_defaults.argument_parser.defaults.DefaultArgumentsDecorator object at 0x7f2f8045bdc0>)
[0.090s] Level 1:colcon.colcon_core.package_discovery:discover_packages(colcon_meta) check parameters
[0.090s] Level 1:colcon.colcon_core.package_discovery:discover_packages(recursive) check parameters
[0.090s] Level 1:colcon.colcon_core.package_discovery:discover_packages(ignore) check parameters
[0.090s] Level 1:colcon.colcon_core.package_discovery:discover_packages(path) check parameters
[0.090s] Level 1:colcon.colcon_core.package_discovery:discover_packages(colcon_meta) discover
[0.090s] Level 1:colcon.colcon_core.package_discovery:discover_packages(recursive) discover
[0.090s] INFO:colcon.colcon_core.package_discovery:Crawling recursively for packages in '/home/tjddus/min/minicar_controller/kbd_reader'
[0.090s] Level 1:colcon.colcon_core.package_identification:_identify(.) by extensions ['ignore', 'ignore_ament_install']
[0.090s] Level 1:colcon.colcon_core.package_identification:_identify(.) by extension 'ignore'
[0.090s] Level 1:colcon.colcon_core.package_identification:_identify(.) by extension 'ignore_ament_install'
[0.090s] Level 1:colcon.colcon_core.package_identification:_identify(.) by extensions ['colcon_pkg']
[0.090s] Level 1:colcon.colcon_core.package_identification:_identify(.) by extension 'colcon_pkg'
[0.090s] Level 1:colcon.colcon_core.package_identification:_identify(.) by extensions ['colcon_meta']
[0.090s] Level 1:colcon.colcon_core.package_identification:_identify(.) by extension 'colcon_meta'
[0.090s] Level 1:colcon.colcon_core.package_identification:_identify(.) by extensions ['ros']
[0.090s] Level 1:colcon.colcon_core.package_identification:_identify(.) by extension 'ros'
[0.098s] DEBUG:colcon.colcon_core.package_identification:Package '.' with type 'ros.ament_cmake' and name 'kbd_reader'
[0.098s] Level 1:colcon.colcon_core.package_discovery:discover_packages(recursive) using defaults
[0.098s] Level 1:colcon.colcon_core.package_discovery:discover_packages(ignore) discover
[0.098s] Level 1:colcon.colcon_core.package_discovery:discover_packages(ignore) using defaults
[0.098s] Level 1:colcon.colcon_core.package_discovery:discover_packages(path) discover
[0.098s] Level 1:colcon.colcon_core.package_discovery:discover_packages(path) using defaults
[0.113s] Level 1:colcon.colcon_core.package_discovery:discover_packages(prefix_path) check parameters
[0.113s] Level 1:colcon.colcon_core.package_discovery:discover_packages(prefix_path) discover
[0.115s] DEBUG:colcon.colcon_installed_package_information.package_discovery:Found 272 installed packages in /opt/ros/foxy
[0.116s] Level 1:colcon.colcon_core.package_discovery:discover_packages(prefix_path) using defaults
[0.147s] Level 5:colcon.colcon_core.verb:set package 'kbd_reader' build argument 'cmake_args' from command line to 'None'
[0.147s] Level 5:colcon.colcon_core.verb:set package 'kbd_reader' build argument 'cmake_target' from command line to 'None'
[0.147s] Level 5:colcon.colcon_core.verb:set package 'kbd_reader' build argument 'cmake_target_skip_unavailable' from command line to 'False'
[0.147s] Level 5:colcon.colcon_core.verb:set package 'kbd_reader' build argument 'cmake_clean_cache' from command line to 'False'
[0.147s] Level 5:colcon.colcon_core.verb:set package 'kbd_reader' build argument 'cmake_clean_first' from command line to 'False'
[0.147s] Level 5:colcon.colcon_core.verb:set package 'kbd_reader' build argument 'cmake_force_configure' from command line to 'False'
[0.147s] Level 5:colcon.colcon_core.verb:set package 'kbd_reader' build argument 'ament_cmake_args' from command line to 'None'
[0.147s] Level 5:colcon.colcon_core.verb:set package 'kbd_reader' build argument 'catkin_cmake_args' from command line to 'None'
[0.147s] Level 5:colcon.colcon_core.verb:set package 'kbd_reader' build argument 'catkin_skip_building_tests' from command line to 'False'
[0.147s] DEBUG:colcon.colcon_core.verb:Building package 'kbd_reader' with the following arguments: {'ament_cmake_args': None, 'build_base': '/home/tjddus/min/minicar_controller/kbd_reader/build/kbd_reader', 'catkin_cmake_args': None, 'catkin_skip_building_tests': False, 'cmake_args': None, 'cmake_clean_cache': False, 'cmake_clean_first': False, 'cmake_force_configure': False, 'cmake_target': None, 'cmake_target_skip_unavailable': False, 'install_base': '/home/tjddus/min/minicar_controller/kbd_reader/install/kbd_reader', 'merge_install': False, 'path': '/home/tjddus/min/minicar_controller/kbd_reader', 'symlink_install': False, 'test_result_base': None}
[0.147s] INFO:colcon.colcon_core.executor:Executing jobs using 'parallel' executor
[0.150s] DEBUG:colcon.colcon_parallel_executor.executor.parallel:run_until_complete
[0.150s] INFO:colcon.colcon_ros.task.ament_cmake.build:Building ROS package in '/home/tjddus/min/minicar_controller/kbd_reader' with build type 'ament_cmake'
[0.150s] INFO:colcon.colcon_cmake.task.cmake.build:Building CMake package in '/home/tjddus/min/minicar_controller/kbd_reader'
[0.152s] INFO:colcon.colcon_core.plugin_system:Skipping extension 'colcon_core.shell.bat': Not used on non-Windows systems
[0.152s] INFO:colcon.colcon_core.shell:Skip shell extension 'powershell' for command environment: Not usable outside of PowerShell
[0.152s] DEBUG:colcon.colcon_core.shell:Skip shell extension 'dsv' for command environment
[0.158s] DEBUG:colcon.colcon_core.event_handler.log_command:Invoking command in '/home/tjddus/min/minicar_controller/kbd_reader/build/kbd_reader': CMAKE_PREFIX_PATH=/opt/ros/foxy /usr/bin/cmake --build /home/tjddus/min/minicar_controller/kbd_reader/build/kbd_reader -- -j20 -l20
[1.126s] DEBUG:colcon.colcon_core.event_handler.log_command:Invoked command in '/home/tjddus/min/minicar_controller/kbd_reader/build/kbd_reader' returned '0': CMAKE_PREFIX_PATH=/opt/ros/foxy /usr/bin/cmake --build /home/tjddus/min/minicar_controller/kbd_reader/build/kbd_reader -- -j20 -l20
[1.149s] DEBUG:colcon.colcon_core.event_handler.log_command:Invoking command in '/home/tjddus/min/minicar_controller/kbd_reader/build/kbd_reader': CMAKE_PREFIX_PATH=/opt/ros/foxy /usr/bin/cmake --install /home/tjddus/min/minicar_controller/kbd_reader/build/kbd_reader
[1.156s] Level 1:colcon.colcon_core.environment:create_environment_scripts_only(kbd_reader)
[1.156s] DEBUG:colcon.colcon_core.event_handler.log_command:Invoked command in '/home/tjddus/min/minicar_controller/kbd_reader/build/kbd_reader' returned '0': CMAKE_PREFIX_PATH=/opt/ros/foxy /usr/bin/cmake --install /home/tjddus/min/minicar_controller/kbd_reader/build/kbd_reader
[1.159s] Level 1:colcon.colcon_core.environment:checking '/home/tjddus/min/minicar_controller/kbd_reader/install/kbd_reader' for CMake module files
[1.159s] Level 1:colcon.colcon_core.environment:checking '/home/tjddus/min/minicar_controller/kbd_reader/install/kbd_reader' for CMake config files
[1.159s] Level 1:colcon.colcon_core.shell:create_environment_hook('kbd_reader', 'cmake_prefix_path')
[1.160s] INFO:colcon.colcon_core.shell:Creating environment hook '/home/tjddus/min/minicar_controller/kbd_reader/install/kbd_reader/share/kbd_reader/hook/cmake_prefix_path.ps1'
[1.161s] INFO:colcon.colcon_core.shell:Creating environment descriptor '/home/tjddus/min/minicar_controller/kbd_reader/install/kbd_reader/share/kbd_reader/hook/cmake_prefix_path.dsv'
[1.161s] INFO:colcon.colcon_core.shell:Creating environment hook '/home/tjddus/min/minicar_controller/kbd_reader/install/kbd_reader/share/kbd_reader/hook/cmake_prefix_path.sh'
[1.162s] Level 1:colcon.colcon_core.environment:checking '/home/tjddus/min/minicar_controller/kbd_reader/install/kbd_reader/lib'
[1.162s] Level 1:colcon.colcon_core.environment:checking '/home/tjddus/min/minicar_controller/kbd_reader/install/kbd_reader/bin'
[1.162s] Level 1:colcon.colcon_core.environment:checking '/home/tjddus/min/minicar_controller/kbd_reader/install/kbd_reader/lib/pkgconfig/kbd_reader.pc'
[1.162s] Level 1:colcon.colcon_core.environment:checking '/home/tjddus/min/minicar_controller/kbd_reader/install/kbd_reader/lib/python3.8/site-packages'
[1.162s] Level 1:colcon.colcon_core.environment:checking '/home/tjddus/min/minicar_controller/kbd_reader/install/kbd_reader/bin'
[1.163s] INFO:colcon.colcon_core.shell:Creating package script '/home/tjddus/min/minicar_controller/kbd_reader/install/kbd_reader/share/kbd_reader/package.ps1'
[1.163s] INFO:colcon.colcon_core.shell:Creating package descriptor '/home/tjddus/min/minicar_controller/kbd_reader/install/kbd_reader/share/kbd_reader/package.dsv'
[1.164s] INFO:colcon.colcon_core.shell:Creating package script '/home/tjddus/min/minicar_controller/kbd_reader/install/kbd_reader/share/kbd_reader/package.sh'
[1.164s] INFO:colcon.colcon_core.shell:Creating package script '/home/tjddus/min/minicar_controller/kbd_reader/install/kbd_reader/share/kbd_reader/package.bash'
[1.164s] INFO:colcon.colcon_core.shell:Creating package script '/home/tjddus/min/minicar_controller/kbd_reader/install/kbd_reader/share/kbd_reader/package.zsh'
[1.165s] Level 1:colcon.colcon_core.environment:create_file_with_runtime_dependencies(/home/tjddus/min/minicar_controller/kbd_reader/install/kbd_reader/share/colcon-core/packages/kbd_reader)
[1.188s] Level 1:colcon.colcon_core.environment:create_environment_scripts_only(kbd_reader)
[1.191s] Level 1:colcon.colcon_core.environment:checking '/home/tjddus/min/minicar_controller/kbd_reader/install/kbd_reader' for CMake module files
[1.191s] Level 1:colcon.colcon_core.environment:checking '/home/tjddus/min/minicar_controller/kbd_reader/install/kbd_reader' for CMake config files
[1.191s] Level 1:colcon.colcon_core.shell:create_environment_hook('kbd_reader', 'cmake_prefix_path')
[1.193s] INFO:colcon.colcon_core.shell:Creating environment hook '/home/tjddus/min/minicar_controller/kbd_reader/install/kbd_reader/share/kbd_reader/hook/cmake_prefix_path.ps1'
[1.193s] INFO:colcon.colcon_core.shell:Creating environment descriptor '/home/tjddus/min/minicar_controller/kbd_reader/install/kbd_reader/share/kbd_reader/hook/cmake_prefix_path.dsv'
[1.193s] INFO:colcon.colcon_core.shell:Creating environment hook '/home/tjddus/min/minicar_controller/kbd_reader/install/kbd_reader/share/kbd_reader/hook/cmake_prefix_path.sh'
[1.194s] Level 1:colcon.colcon_core.environment:checking '/home/tjddus/min/minicar_controller/kbd_reader/install/kbd_reader/lib'
[1.194s] Level 1:colcon.colcon_core.environment:checking '/home/tjddus/min/minicar_controller/kbd_reader/install/kbd_reader/bin'
[1.194s] Level 1:colcon.colcon_core.environment:checking '/home/tjddus/min/minicar_controller/kbd_reader/install/kbd_reader/lib/pkgconfig/kbd_reader.pc'
[1.194s] Level 1:colcon.colcon_core.environment:checking '/home/tjddus/min/minicar_controller/kbd_reader/install/kbd_reader/lib/python3.8/site-packages'
[1.194s] Level 1:colcon.colcon_core.environment:checking '/home/tjddus/min/minicar_controller/kbd_reader/install/kbd_reader/bin'
[1.196s] INFO:colcon.colcon_core.shell:Creating package script '/home/tjddus/min/minicar_controller/kbd_reader/install/kbd_reader/share/kbd_reader/package.ps1'
[1.196s] INFO:colcon.colcon_core.shell:Creating package descriptor '/home/tjddus/min/minicar_controller/kbd_reader/install/kbd_reader/share/kbd_reader/package.dsv'
[1.197s] INFO:colcon.colcon_core.shell:Creating package script '/home/tjddus/min/minicar_controller/kbd_reader/install/kbd_reader/share/kbd_reader/package.sh'
[1.197s] INFO:colcon.colcon_core.shell:Creating package script '/home/tjddus/min/minicar_controller/kbd_reader/install/kbd_reader/share/kbd_reader/package.bash'
[1.197s] INFO:colcon.colcon_core.shell:Creating package script '/home/tjddus/min/minicar_controller/kbd_reader/install/kbd_reader/share/kbd_reader/package.zsh'
[1.197s] Level 1:colcon.colcon_core.environment:create_file_with_runtime_dependencies(/home/tjddus/min/minicar_controller/kbd_reader/install/kbd_reader/share/colcon-core/packages/kbd_reader)
[1.198s] DEBUG:colcon.colcon_parallel_executor.executor.parallel:closing loop
[1.198s] DEBUG:colcon.colcon_parallel_executor.executor.parallel:loop closed
[1.198s] DEBUG:colcon.colcon_parallel_executor.executor.parallel:run_until_complete finished with '0'
[1.198s] DEBUG:colcon.colcon_core.event_reactor:joining thread
[1.204s] INFO:colcon.colcon_core.plugin_system:Skipping extension 'colcon_notification.desktop_notification.terminal_notifier': Not used on non-Darwin systems
[1.205s] INFO:colcon.colcon_core.plugin_system:Skipping extension 'colcon_notification.desktop_notification.win32': Not used on non-Windows systems
[1.205s] INFO:colcon.colcon_notification.desktop_notification:Sending desktop notification using 'notify2'
[1.249s] DEBUG:colcon.colcon_core.event_reactor:joined thread
[1.251s] INFO:colcon.colcon_core.shell:Creating prefix script '/home/tjddus/min/minicar_controller/kbd_reader/install/local_setup.ps1'
[1.252s] INFO:colcon.colcon_core.shell:Creating prefix util module '/home/tjddus/min/minicar_controller/kbd_reader/install/_local_setup_util_ps1.py'
[1.254s] INFO:colcon.colcon_core.shell:Creating prefix chain script '/home/tjddus/min/minicar_controller/kbd_reader/install/setup.ps1'
[1.255s] INFO:colcon.colcon_core.shell:Creating prefix script '/home/tjddus/min/minicar_controller/kbd_reader/install/local_setup.sh'
[1.256s] INFO:colcon.colcon_core.shell:Creating prefix util module '/home/tjddus/min/minicar_controller/kbd_reader/install/_local_setup_util_sh.py'
[1.256s] INFO:colcon.colcon_core.shell:Creating prefix chain script '/home/tjddus/min/minicar_controller/kbd_reader/install/setup.sh'
[1.258s] INFO:colcon.colcon_core.shell:Creating prefix script '/home/tjddus/min/minicar_controller/kbd_reader/install/local_setup.bash'
[1.258s] INFO:colcon.colcon_core.shell:Creating prefix chain script '/home/tjddus/min/minicar_controller/kbd_reader/install/setup.bash'
[1.259s] INFO:colcon.colcon_core.shell:Creating prefix script '/home/tjddus/min/minicar_controller/kbd_reader/install/local_setup.zsh'
[1.259s] INFO:colcon.colcon_core.shell:Creating prefix chain script '/home/tjddus/min/minicar_controller/kbd_reader/install/setup.zsh'
