[35m[1mScanning dependencies of target VescController[0m
[ 25%] [32mBuilding CXX object CMakeFiles/VescController.dir/src/vesc_controller.cpp.o[0m
[01m[K/home/tjddus/min/minicar_controller/vesc_controller/src/vesc_controller.cpp:11:27:[m[K [01;31m[Kerror: [m[KISO C++ forbids declaration of ‘[01m[KSetSocket[m[K’ with no type [[01;31m[K-fpermissive[m[K]
   11 | VescController::SetSocket([01;31m[K)[m[K
      |                           [01;31m[K^[m[K
[01m[K/home/tjddus/min/minicar_controller/vesc_controller/src/vesc_controller.cpp:11:1:[m[K [01;31m[Kerror: [m[Kno declaration matches ‘[01m[Kint VescController::SetSocket()[m[K’
   11 | [01;31m[KVescController[m[K::SetSocket()
      | [01;31m[K^~~~~~~~~~~~~~[m[K
In file included from [01m[K/home/tjddus/min/minicar_controller/vesc_controller/src/vesc_controller.cpp:1[m[K:
[01m[K/home/tjddus/min/minicar_controller/vesc_controller/include/vesc_controller/vesc_controller.hpp:39:14:[m[K [01;36m[Knote: [m[Kcandidate is: ‘[01m[Kvoid VescController::SetSocket()[m[K’
   39 |         void [01;36m[KSetSocket[m[K();
      |              [01;36m[K^~~~~~~~~[m[K
[01m[K/home/tjddus/min/minicar_controller/vesc_controller/include/vesc_controller/vesc_controller.hpp:24:7:[m[K [01;36m[Knote: [m[K‘[01m[Kclass VescController[m[K’ defined here
   24 | class [01;36m[KVescController[m[K : public rclcpp::Node
      |       [01;36m[K^~~~~~~~~~~~~~[m[K
[01m[K/home/tjddus/min/minicar_controller/vesc_controller/src/vesc_controller.cpp:52:28:[m[K [01;31m[Kerror: [m[KISO C++ forbids declaration of ‘[01m[KReceiveKey[m[K’ with no type [[01;31m[K-fpermissive[m[K]
   52 | VescController::ReceiveKey([01;31m[K)[m[K
      |                            [01;31m[K^[m[K
[01m[K/home/tjddus/min/minicar_controller/vesc_controller/src/vesc_controller.cpp:52:1:[m[K [01;31m[Kerror: [m[Kno declaration matches ‘[01m[Kint VescController::ReceiveKey()[m[K’
   52 | [01;31m[KVescController[m[K::ReceiveKey()
      | [01;31m[K^~~~~~~~~~~~~~[m[K
In file included from [01m[K/home/tjddus/min/minicar_controller/vesc_controller/src/vesc_controller.cpp:1[m[K:
[01m[K/home/tjddus/min/minicar_controller/vesc_controller/include/vesc_controller/vesc_controller.hpp:40:14:[m[K [01;36m[Knote: [m[Kcandidate is: ‘[01m[Kvoid VescController::ReceiveKey()[m[K’
   40 |         void [01;36m[KReceiveKey[m[K();
      |              [01;36m[K^~~~~~~~~~[m[K
[01m[K/home/tjddus/min/minicar_controller/vesc_controller/include/vesc_controller/vesc_controller.hpp:24:7:[m[K [01;36m[Knote: [m[K‘[01m[Kclass VescController[m[K’ defined here
   24 | class [01;36m[KVescController[m[K : public rclcpp::Node
      |       [01;36m[K^~~~~~~~~~~~~~[m[K
make[2]: *** [CMakeFiles/VescController.dir/build.make:63: CMakeFiles/VescController.dir/src/vesc_controller.cpp.o] Error 1
make[1]: *** [CMakeFiles/Makefile2:107: CMakeFiles/VescController.dir/all] Error 2
make: *** [Makefile:141: all] Error 2
